ERROR - 2024-07-22 03:37:29 --> Error connecting to the database: mysqli_sql_exception: Access denied for user ''@'localhost' (using password: NO) in C:\wamp64\www\KerjaPraktik.github.io\vendor\codeigniter4\framework\system\Database\MySQLi\Connection.php:185
Stack trace:
#0 C:\wamp64\www\KerjaPraktik.github.io\vendor\codeigniter4\framework\system\Database\MySQLi\Connection.php(185): mysqli->real_connect('localhost', '', '', '', 3306, '', 0)
#1 C:\wamp64\www\KerjaPraktik.github.io\vendor\codeigniter4\framework\system\Database\BaseConnection.php(392): CodeIgniter\Database\MySQLi\Connection->connect(false)
#2 C:\wamp64\www\KerjaPraktik.github.io\vendor\codeigniter4\framework\system\Database\BaseConnection.php(575): CodeIgniter\Database\BaseConnection->initialize()
#3 C:\wamp64\www\KerjaPraktik.github.io\vendor\codeigniter4\framework\system\Database\BaseBuilder.php(1616): CodeIgniter\Database\BaseConnection->query('SELECT *\nFROM `...', Array, false)
#4 C:\wamp64\www\KerjaPraktik.github.io\vendor\codeigniter4\framework\system\Model.php(243): CodeIgniter\Database\BaseBuilder->get()
#5 C:\wamp64\www\KerjaPraktik.github.io\vendor\codeigniter4\framework\system\BaseModel.php(641): CodeIgniter\Model->doFindAll(0, 0)
#6 C:\wamp64\www\KerjaPraktik.github.io\app\Controllers\Categoris.php(20): CodeIgniter\BaseModel->findAll()
#7 C:\wamp64\www\KerjaPraktik.github.io\vendor\codeigniter4\framework\system\CodeIgniter.php(943): App\Controllers\Categoris->index()
#8 C:\wamp64\www\KerjaPraktik.github.io\vendor\codeigniter4\framework\system\CodeIgniter.php(503): CodeIgniter\CodeIgniter->runController(Object(App\Controllers\Categoris))
#9 C:\wamp64\www\KerjaPraktik.github.io\vendor\codeigniter4\framework\system\CodeIgniter.php(361): CodeIgniter\CodeIgniter->handleRequest(NULL, Object(Config\Cache), false)
#10 C:\wamp64\www\KerjaPraktik.github.io\public\index.php(79): CodeIgniter\CodeIgniter->run()
#11 C:\wamp64\www\KerjaPraktik.github.io\vendor\codeigniter4\framework\system\Commands\Server\rewrite.php(47): require_once('C:\\wamp64\\www\\K...')
#12 {main}

Next CodeIgniter\Database\Exceptions\DatabaseException: Access denied for user ''@'localhost' (using password: NO) in C:\wamp64\www\KerjaPraktik.github.io\vendor\codeigniter4\framework\system\Database\MySQLi\Connection.php:229
Stack trace:
#0 C:\wamp64\www\KerjaPraktik.github.io\vendor\codeigniter4\framework\system\Database\BaseConnection.php(392): CodeIgniter\Database\MySQLi\Connection->connect(false)
#1 C:\wamp64\www\KerjaPraktik.github.io\vendor\codeigniter4\framework\system\Database\BaseConnection.php(575): CodeIgniter\Database\BaseConnection->initialize()
#2 C:\wamp64\www\KerjaPraktik.github.io\vendor\codeigniter4\framework\system\Database\BaseBuilder.php(1616): CodeIgniter\Database\BaseConnection->query('SELECT *\nFROM `...', Array, false)
#3 C:\wamp64\www\KerjaPraktik.github.io\vendor\codeigniter4\framework\system\Model.php(243): CodeIgniter\Database\BaseBuilder->get()
#4 C:\wamp64\www\KerjaPraktik.github.io\vendor\codeigniter4\framework\system\BaseModel.php(641): CodeIgniter\Model->doFindAll(0, 0)
#5 C:\wamp64\www\KerjaPraktik.github.io\app\Controllers\Categoris.php(20): CodeIgniter\BaseModel->findAll()
#6 C:\wamp64\www\KerjaPraktik.github.io\vendor\codeigniter4\framework\system\CodeIgniter.php(943): App\Controllers\Categoris->index()
#7 C:\wamp64\www\KerjaPraktik.github.io\vendor\codeigniter4\framework\system\CodeIgniter.php(503): CodeIgniter\CodeIgniter->runController(Object(App\Controllers\Categoris))
#8 C:\wamp64\www\KerjaPraktik.github.io\vendor\codeigniter4\framework\system\CodeIgniter.php(361): CodeIgniter\CodeIgniter->handleRequest(NULL, Object(Config\Cache), false)
#9 C:\wamp64\www\KerjaPraktik.github.io\public\index.php(79): CodeIgniter\CodeIgniter->run()
#10 C:\wamp64\www\KerjaPraktik.github.io\vendor\codeigniter4\framework\system\Commands\Server\rewrite.php(47): require_once('C:\\wamp64\\www\\K...')
#11 {main}
CRITICAL - 2024-07-22 03:37:29 --> CodeIgniter\Database\Exceptions\DatabaseException: Unable to connect to the database.
Main connection [MySQLi]: Access denied for user ''@'localhost' (using password: NO)
in SYSTEMPATH\Database\BaseConnection.php on line 428.
 1 SYSTEMPATH\Database\BaseConnection.php(575): CodeIgniter\Database\BaseConnection->initialize()
 2 SYSTEMPATH\Database\BaseBuilder.php(1616): CodeIgniter\Database\BaseConnection->query('SELECT *
FROM `categories`', [], false)
 3 SYSTEMPATH\Model.php(243): CodeIgniter\Database\BaseBuilder->get()
 4 SYSTEMPATH\BaseModel.php(641): CodeIgniter\Model->doFindAll(0, 0)
 5 APPPATH\Controllers\Categoris.php(20): CodeIgniter\BaseModel->findAll()
 6 SYSTEMPATH\CodeIgniter.php(943): App\Controllers\Categoris->index()
 7 SYSTEMPATH\CodeIgniter.php(503): CodeIgniter\CodeIgniter->runController(Object(App\Controllers\Categoris))
 8 SYSTEMPATH\CodeIgniter.php(361): CodeIgniter\CodeIgniter->handleRequest(null, Object(Config\Cache), false)
 9 FCPATH\index.php(79): CodeIgniter\CodeIgniter->run()
10 SYSTEMPATH\Commands\Server\rewrite.php(47): require_once('C:\\wamp64\\www\\KerjaPraktik.github.io\\public\\index.php')
INFO - 2024-07-22 03:40:15 --> Session: Class initialized using 'CodeIgniter\Session\Handlers\FileHandler' driver.
INFO - 2024-07-22 03:40:34 --> Session: Class initialized using 'CodeIgniter\Session\Handlers\FileHandler' driver.
INFO - 2024-07-22 03:43:06 --> Session: Class initialized using 'CodeIgniter\Session\Handlers\FileHandler' driver.
INFO - 2024-07-22 03:44:25 --> Session: Class initialized using 'CodeIgniter\Session\Handlers\FileHandler' driver.
INFO - 2024-07-22 03:45:31 --> Session: Class initialized using 'CodeIgniter\Session\Handlers\FileHandler' driver.
INFO - 2024-07-22 03:46:15 --> Session: Class initialized using 'CodeIgniter\Session\Handlers\FileHandler' driver.
CRITICAL - 2024-07-22 03:48:38 --> CodeIgniter\View\Exceptions\ViewException: Invalid file: "web/addcategory.php"
in SYSTEMPATH\Exceptions\FrameworkException.php on line 39.
 1 SYSTEMPATH\View\View.php(216): CodeIgniter\Exceptions\FrameworkException::forInvalidFile('web/addcategory.php')
 2 SYSTEMPATH\Common.php(1178): CodeIgniter\View\View->render('web/addcategory', [], true)
 3 APPPATH\Controllers\Categoris.php(33): view('web/addcategory')
 4 SYSTEMPATH\CodeIgniter.php(943): App\Controllers\Categoris->create()
 5 SYSTEMPATH\CodeIgniter.php(503): CodeIgniter\CodeIgniter->runController(Object(App\Controllers\Categoris))
 6 SYSTEMPATH\CodeIgniter.php(361): CodeIgniter\CodeIgniter->handleRequest(null, Object(Config\Cache), false)
 7 FCPATH\index.php(79): CodeIgniter\CodeIgniter->run()
 8 SYSTEMPATH\Commands\Server\rewrite.php(47): require_once('C:\\wamp64\\www\\KerjaPraktik.github.io\\public\\index.php')
CRITICAL - 2024-07-22 03:48:41 --> CodeIgniter\View\Exceptions\ViewException: Invalid file: "categoris.php"
in SYSTEMPATH\Exceptions\FrameworkException.php on line 39.
 1 SYSTEMPATH\View\View.php(216): CodeIgniter\Exceptions\FrameworkException::forInvalidFile('categoris.php')
 2 SYSTEMPATH\Common.php(1178): CodeIgniter\View\View->render('categoris', [], true)
 3 APPPATH\Controllers\Categoris.php(21): view('categoris', [...])
 4 SYSTEMPATH\CodeIgniter.php(943): App\Controllers\Categoris->index()
 5 SYSTEMPATH\CodeIgniter.php(503): CodeIgniter\CodeIgniter->runController(Object(App\Controllers\Categoris))
 6 SYSTEMPATH\CodeIgniter.php(361): CodeIgniter\CodeIgniter->handleRequest(null, Object(Config\Cache), false)
 7 FCPATH\index.php(79): CodeIgniter\CodeIgniter->run()
 8 SYSTEMPATH\Commands\Server\rewrite.php(47): require_once('C:\\wamp64\\www\\KerjaPraktik.github.io\\public\\index.php')
CRITICAL - 2024-07-22 03:48:45 --> CodeIgniter\View\Exceptions\ViewException: Invalid file: "inventaris.php"
in SYSTEMPATH\Exceptions\FrameworkException.php on line 39.
 1 SYSTEMPATH\View\View.php(216): CodeIgniter\Exceptions\FrameworkException::forInvalidFile('inventaris.php')
 2 SYSTEMPATH\Common.php(1178): CodeIgniter\View\View->render('inventaris', [], true)
 3 APPPATH\Controllers\Inventaris.php(21): view('inventaris', [...])
 4 SYSTEMPATH\CodeIgniter.php(943): App\Controllers\Inventaris->index()
 5 SYSTEMPATH\CodeIgniter.php(503): CodeIgniter\CodeIgniter->runController(Object(App\Controllers\Inventaris))
 6 SYSTEMPATH\CodeIgniter.php(361): CodeIgniter\CodeIgniter->handleRequest(null, Object(Config\Cache), false)
 7 FCPATH\index.php(79): CodeIgniter\CodeIgniter->run()
 8 SYSTEMPATH\Commands\Server\rewrite.php(47): require_once('C:\\wamp64\\www\\KerjaPraktik.github.io\\public\\index.php')
CRITICAL - 2024-07-22 03:50:05 --> CodeIgniter\View\Exceptions\ViewException: Invalid file: "web/addinventaris.php"
in SYSTEMPATH\Exceptions\FrameworkException.php on line 39.
 1 SYSTEMPATH\View\View.php(216): CodeIgniter\Exceptions\FrameworkException::forInvalidFile('web/addinventaris.php')
 2 SYSTEMPATH\Common.php(1178): CodeIgniter\View\View->render('web/addinventaris', [], true)
 3 APPPATH\Controllers\Inventaris.php(31): view('web/addinventaris')
 4 SYSTEMPATH\CodeIgniter.php(943): App\Controllers\Inventaris->add()
 5 SYSTEMPATH\CodeIgniter.php(503): CodeIgniter\CodeIgniter->runController(Object(App\Controllers\Inventaris))
 6 SYSTEMPATH\CodeIgniter.php(361): CodeIgniter\CodeIgniter->handleRequest(null, Object(Config\Cache), false)
 7 FCPATH\index.php(79): CodeIgniter\CodeIgniter->run()
 8 SYSTEMPATH\Commands\Server\rewrite.php(47): require_once('C:\\wamp64\\www\\KerjaPraktik.github.io\\public\\index.php')
INFO - 2024-07-22 03:50:23 --> Session: Class initialized using 'CodeIgniter\Session\Handlers\FileHandler' driver.
INFO - 2024-07-22 03:51:47 --> Session: Class initialized using 'CodeIgniter\Session\Handlers\FileHandler' driver.
INFO - 2024-07-22 03:52:15 --> Session: Class initialized using 'CodeIgniter\Session\Handlers\FileHandler' driver.
CRITICAL - 2024-07-22 04:04:39 --> CodeIgniter\View\Exceptions\ViewException: Invalid file: "inventaris/edit.php"
in SYSTEMPATH\Exceptions\FrameworkException.php on line 39.
 1 SYSTEMPATH\View\View.php(216): CodeIgniter\Exceptions\FrameworkException::forInvalidFile('inventaris/edit.php')
 2 SYSTEMPATH\Common.php(1178): CodeIgniter\View\View->render('inventaris/edit', [], true)
 3 APPPATH\Controllers\Inventaris.php(114): view('inventaris/edit')
 4 SYSTEMPATH\CodeIgniter.php(943): App\Controllers\Inventaris->edit('2')
 5 SYSTEMPATH\CodeIgniter.php(503): CodeIgniter\CodeIgniter->runController(Object(App\Controllers\Inventaris))
 6 SYSTEMPATH\CodeIgniter.php(361): CodeIgniter\CodeIgniter->handleRequest(null, Object(Config\Cache), false)
 7 FCPATH\index.php(79): CodeIgniter\CodeIgniter->run()
 8 SYSTEMPATH\Commands\Server\rewrite.php(47): require_once('C:\\wamp64\\www\\KerjaPraktik.github.io\\public\\index.php')
CRITICAL - 2024-07-22 04:04:49 --> ErrorException: include(db.php): Failed to open stream: No such file or directory
in APPPATH\Views\web\inventaris\edit.php on line 2.
 1 APPPATH\Views\web\inventaris\edit.php(2): CodeIgniter\Debug\Exceptions->errorHandler(2, 'include(db.php): Failed to open stream: No such file or directory', 'C:\\wamp64\\www\\KerjaPraktik.github.io\\app\\Views\\web\\inventaris\\edit.php', 2)
 2 APPPATH\Views\web\inventaris\edit.php(2): include()
 3 SYSTEMPATH\View\View.php(228): include('C:\\wamp64\\www\\KerjaPraktik.github.io\\app\\Views\\web\\inventaris\\edit.php')
 4 SYSTEMPATH\View\View.php(231): CodeIgniter\View\View->CodeIgniter\View\{closure}()
 5 SYSTEMPATH\Common.php(1178): CodeIgniter\View\View->render('web/inventaris/edit', [], true)
 6 APPPATH\Controllers\Inventaris.php(114): view('web/inventaris/edit')
 7 SYSTEMPATH\CodeIgniter.php(943): App\Controllers\Inventaris->edit('2')
 8 SYSTEMPATH\CodeIgniter.php(503): CodeIgniter\CodeIgniter->runController(Object(App\Controllers\Inventaris))
 9 SYSTEMPATH\CodeIgniter.php(361): CodeIgniter\CodeIgniter->handleRequest(null, Object(Config\Cache), false)
10 FCPATH\index.php(79): CodeIgniter\CodeIgniter->run()
11 SYSTEMPATH\Commands\Server\rewrite.php(47): require_once('C:\\wamp64\\www\\KerjaPraktik.github.io\\public\\index.php')
CRITICAL - 2024-07-22 04:16:00 --> ErrorException: Undefined variable $inventaris
in APPPATH\Views\web\inventaris\edit.php on line 5.
 1 APPPATH\Views\web\inventaris\edit.php(5): CodeIgniter\Debug\Exceptions->errorHandler(2, 'Undefined variable $inventaris', 'C:\\wamp64\\www\\KerjaPraktik.github.io\\app\\Views\\web\\inventaris\\edit.php', 5)
 2 SYSTEMPATH\View\View.php(228): include('C:\\wamp64\\www\\KerjaPraktik.github.io\\app\\Views\\web\\inventaris\\edit.php')
 3 SYSTEMPATH\View\View.php(231): CodeIgniter\View\View->CodeIgniter\View\{closure}()
 4 SYSTEMPATH\Common.php(1178): CodeIgniter\View\View->render('web/inventaris/edit', [], true)
 5 APPPATH\Controllers\Inventaris.php(115): view('web/inventaris/edit')
 6 SYSTEMPATH\CodeIgniter.php(943): App\Controllers\Inventaris->edit('2')
 7 SYSTEMPATH\CodeIgniter.php(503): CodeIgniter\CodeIgniter->runController(Object(App\Controllers\Inventaris))
 8 SYSTEMPATH\CodeIgniter.php(361): CodeIgniter\CodeIgniter->handleRequest(null, Object(Config\Cache), false)
 9 FCPATH\index.php(79): CodeIgniter\CodeIgniter->run()
10 SYSTEMPATH\Commands\Server\rewrite.php(47): require_once('C:\\wamp64\\www\\KerjaPraktik.github.io\\public\\index.php')
CRITICAL - 2024-07-22 04:17:06 --> ErrorException: Undefined variable $inventaris
in APPPATH\Views\web\inventaris\edit.php on line 5.
 1 APPPATH\Views\web\inventaris\edit.php(5): CodeIgniter\Debug\Exceptions->errorHandler(2, 'Undefined variable $inventaris', 'C:\\wamp64\\www\\KerjaPraktik.github.io\\app\\Views\\web\\inventaris\\edit.php', 5)
 2 SYSTEMPATH\View\View.php(228): include('C:\\wamp64\\www\\KerjaPraktik.github.io\\app\\Views\\web\\inventaris\\edit.php')
 3 SYSTEMPATH\View\View.php(231): CodeIgniter\View\View->CodeIgniter\View\{closure}()
 4 SYSTEMPATH\Common.php(1178): CodeIgniter\View\View->render('web/inventaris/edit', [], true)
 5 APPPATH\Controllers\Inventaris.php(115): view('web/inventaris/edit')
 6 SYSTEMPATH\CodeIgniter.php(943): App\Controllers\Inventaris->edit('2')
 7 SYSTEMPATH\CodeIgniter.php(503): CodeIgniter\CodeIgniter->runController(Object(App\Controllers\Inventaris))
 8 SYSTEMPATH\CodeIgniter.php(361): CodeIgniter\CodeIgniter->handleRequest(null, Object(Config\Cache), false)
 9 FCPATH\index.php(79): CodeIgniter\CodeIgniter->run()
10 SYSTEMPATH\Commands\Server\rewrite.php(47): require_once('C:\\wamp64\\www\\KerjaPraktik.github.io\\public\\index.php')
CRITICAL - 2024-07-22 04:17:13 --> ErrorException: Undefined variable $inventaris
in APPPATH\Views\web\inventaris\edit.php on line 5.
 1 APPPATH\Views\web\inventaris\edit.php(5): CodeIgniter\Debug\Exceptions->errorHandler(2, 'Undefined variable $inventaris', 'C:\\wamp64\\www\\KerjaPraktik.github.io\\app\\Views\\web\\inventaris\\edit.php', 5)
 2 SYSTEMPATH\View\View.php(228): include('C:\\wamp64\\www\\KerjaPraktik.github.io\\app\\Views\\web\\inventaris\\edit.php')
 3 SYSTEMPATH\View\View.php(231): CodeIgniter\View\View->CodeIgniter\View\{closure}()
 4 SYSTEMPATH\Common.php(1178): CodeIgniter\View\View->render('web/inventaris/edit', [], true)
 5 APPPATH\Controllers\Inventaris.php(115): view('web/inventaris/edit')
 6 SYSTEMPATH\CodeIgniter.php(943): App\Controllers\Inventaris->edit('2')
 7 SYSTEMPATH\CodeIgniter.php(503): CodeIgniter\CodeIgniter->runController(Object(App\Controllers\Inventaris))
 8 SYSTEMPATH\CodeIgniter.php(361): CodeIgniter\CodeIgniter->handleRequest(null, Object(Config\Cache), false)
 9 FCPATH\index.php(79): CodeIgniter\CodeIgniter->run()
10 SYSTEMPATH\Commands\Server\rewrite.php(47): require_once('C:\\wamp64\\www\\KerjaPraktik.github.io\\public\\index.php')
CRITICAL - 2024-07-22 04:17:55 --> ErrorException: Undefined variable $inventaris
in APPPATH\Views\web\inventaris\edit.php on line 5.
 1 APPPATH\Views\web\inventaris\edit.php(5): CodeIgniter\Debug\Exceptions->errorHandler(2, 'Undefined variable $inventaris', 'C:\\wamp64\\www\\KerjaPraktik.github.io\\app\\Views\\web\\inventaris\\edit.php', 5)
 2 SYSTEMPATH\View\View.php(228): include('C:\\wamp64\\www\\KerjaPraktik.github.io\\app\\Views\\web\\inventaris\\edit.php')
 3 SYSTEMPATH\View\View.php(231): CodeIgniter\View\View->CodeIgniter\View\{closure}()
 4 SYSTEMPATH\Common.php(1178): CodeIgniter\View\View->render('web/inventaris/edit', [], true)
 5 APPPATH\Controllers\Inventaris.php(115): view('web/inventaris/edit')
 6 SYSTEMPATH\CodeIgniter.php(943): App\Controllers\Inventaris->edit('2')
 7 SYSTEMPATH\CodeIgniter.php(503): CodeIgniter\CodeIgniter->runController(Object(App\Controllers\Inventaris))
 8 SYSTEMPATH\CodeIgniter.php(361): CodeIgniter\CodeIgniter->handleRequest(null, Object(Config\Cache), false)
 9 FCPATH\index.php(79): CodeIgniter\CodeIgniter->run()
10 SYSTEMPATH\Commands\Server\rewrite.php(47): require_once('C:\\wamp64\\www\\KerjaPraktik.github.io\\public\\index.php')
CRITICAL - 2024-07-22 04:18:15 --> ErrorException: Undefined variable $inventaris
in APPPATH\Views\web\inventaris\edit.php on line 5.
 1 APPPATH\Views\web\inventaris\edit.php(5): CodeIgniter\Debug\Exceptions->errorHandler(2, 'Undefined variable $inventaris', 'C:\\wamp64\\www\\KerjaPraktik.github.io\\app\\Views\\web\\inventaris\\edit.php', 5)
 2 SYSTEMPATH\View\View.php(228): include('C:\\wamp64\\www\\KerjaPraktik.github.io\\app\\Views\\web\\inventaris\\edit.php')
 3 SYSTEMPATH\View\View.php(231): CodeIgniter\View\View->CodeIgniter\View\{closure}()
 4 SYSTEMPATH\Common.php(1178): CodeIgniter\View\View->render('web/inventaris/edit', [], true)
 5 APPPATH\Controllers\Inventaris.php(115): view('web/inventaris/edit')
 6 SYSTEMPATH\CodeIgniter.php(943): App\Controllers\Inventaris->edit('2')
 7 SYSTEMPATH\CodeIgniter.php(503): CodeIgniter\CodeIgniter->runController(Object(App\Controllers\Inventaris))
 8 SYSTEMPATH\CodeIgniter.php(361): CodeIgniter\CodeIgniter->handleRequest(null, Object(Config\Cache), false)
 9 FCPATH\index.php(79): CodeIgniter\CodeIgniter->run()
10 SYSTEMPATH\Commands\Server\rewrite.php(47): require_once('C:\\wamp64\\www\\KerjaPraktik.github.io\\public\\index.php')
CRITICAL - 2024-07-22 04:19:15 --> ErrorException: Undefined array key "id"
in APPPATH\Views\web\inventaris\edit.php on line 5.
 1 APPPATH\Views\web\inventaris\edit.php(5): CodeIgniter\Debug\Exceptions->errorHandler(2, 'Undefined array key "id"', 'C:\\wamp64\\www\\KerjaPraktik.github.io\\app\\Views\\web\\inventaris\\edit.php', 5)
 2 SYSTEMPATH\View\View.php(228): include('C:\\wamp64\\www\\KerjaPraktik.github.io\\app\\Views\\web\\inventaris\\edit.php')
 3 SYSTEMPATH\View\View.php(231): CodeIgniter\View\View->CodeIgniter\View\{closure}()
 4 SYSTEMPATH\Common.php(1178): CodeIgniter\View\View->render('web/inventaris/edit', [], true)
 5 APPPATH\Controllers\Inventaris.php(115): view('web/inventaris/edit', [...])
 6 SYSTEMPATH\CodeIgniter.php(943): App\Controllers\Inventaris->edit('2')
 7 SYSTEMPATH\CodeIgniter.php(503): CodeIgniter\CodeIgniter->runController(Object(App\Controllers\Inventaris))
 8 SYSTEMPATH\CodeIgniter.php(361): CodeIgniter\CodeIgniter->handleRequest(null, Object(Config\Cache), false)
 9 FCPATH\index.php(79): CodeIgniter\CodeIgniter->run()
10 SYSTEMPATH\Commands\Server\rewrite.php(47): require_once('C:\\wamp64\\www\\KerjaPraktik.github.io\\public\\index.php')
INFO - 2024-07-22 04:21:44 --> Session: Class initialized using 'CodeIgniter\Session\Handlers\FileHandler' driver.
INFO - 2024-07-22 04:21:48 --> Session: Class initialized using 'CodeIgniter\Session\Handlers\FileHandler' driver.
INFO - 2024-07-22 04:21:52 --> Session: Class initialized using 'CodeIgniter\Session\Handlers\FileHandler' driver.
INFO - 2024-07-22 04:21:58 --> Session: Class initialized using 'CodeIgniter\Session\Handlers\FileHandler' driver.
INFO - 2024-07-22 04:33:25 --> Session: Class initialized using 'CodeIgniter\Session\Handlers\FileHandler' driver.
CRITICAL - 2024-07-22 04:33:25 --> ErrorException: Undefined array key "id"
in APPPATH\Views\web\inventaris\addinventaris.php on line 25.
 1 APPPATH\Views\web\inventaris\addinventaris.php(25): CodeIgniter\Debug\Exceptions->errorHandler(2, 'Undefined array key "id"', 'C:\\wamp64\\www\\KerjaPraktik.github.io\\app\\Views\\web\\inventaris\\addinventaris.php', 25)
 2 SYSTEMPATH\View\View.php(228): include('C:\\wamp64\\www\\KerjaPraktik.github.io\\app\\Views\\web\\inventaris\\addinventaris.php')
 3 SYSTEMPATH\View\View.php(231): CodeIgniter\View\View->CodeIgniter\View\{closure}()
 4 SYSTEMPATH\Common.php(1178): CodeIgniter\View\View->render('web/inventaris/addinventaris', [], true)
 5 APPPATH\Controllers\Inventaris.php(34): view('web/inventaris/addinventaris', [...])
 6 SYSTEMPATH\CodeIgniter.php(943): App\Controllers\Inventaris->add()
 7 SYSTEMPATH\CodeIgniter.php(503): CodeIgniter\CodeIgniter->runController(Object(App\Controllers\Inventaris))
 8 SYSTEMPATH\CodeIgniter.php(361): CodeIgniter\CodeIgniter->handleRequest(null, Object(Config\Cache), false)
 9 FCPATH\index.php(79): CodeIgniter\CodeIgniter->run()
10 SYSTEMPATH\Commands\Server\rewrite.php(47): require_once('C:\\wamp64\\www\\KerjaPraktik.github.io\\public\\index.php')
INFO - 2024-07-22 04:34:09 --> Session: Class initialized using 'CodeIgniter\Session\Handlers\FileHandler' driver.
CRITICAL - 2024-07-22 04:34:09 --> ErrorException: Undefined array key "ItemID"
in APPPATH\Views\web\inventaris\addinventaris.php on line 25.
 1 APPPATH\Views\web\inventaris\addinventaris.php(25): CodeIgniter\Debug\Exceptions->errorHandler(2, 'Undefined array key "ItemID"', 'C:\\wamp64\\www\\KerjaPraktik.github.io\\app\\Views\\web\\inventaris\\addinventaris.php', 25)
 2 SYSTEMPATH\View\View.php(228): include('C:\\wamp64\\www\\KerjaPraktik.github.io\\app\\Views\\web\\inventaris\\addinventaris.php')
 3 SYSTEMPATH\View\View.php(231): CodeIgniter\View\View->CodeIgniter\View\{closure}()
 4 SYSTEMPATH\Common.php(1178): CodeIgniter\View\View->render('web/inventaris/addinventaris', [], true)
 5 APPPATH\Controllers\Inventaris.php(34): view('web/inventaris/addinventaris', [...])
 6 SYSTEMPATH\CodeIgniter.php(943): App\Controllers\Inventaris->add()
 7 SYSTEMPATH\CodeIgniter.php(503): CodeIgniter\CodeIgniter->runController(Object(App\Controllers\Inventaris))
 8 SYSTEMPATH\CodeIgniter.php(361): CodeIgniter\CodeIgniter->handleRequest(null, Object(Config\Cache), false)
 9 FCPATH\index.php(79): CodeIgniter\CodeIgniter->run()
10 SYSTEMPATH\Commands\Server\rewrite.php(47): require_once('C:\\wamp64\\www\\KerjaPraktik.github.io\\public\\index.php')
INFO - 2024-07-22 04:35:17 --> Session: Class initialized using 'CodeIgniter\Session\Handlers\FileHandler' driver.
CRITICAL - 2024-07-22 04:35:17 --> ErrorException: Undefined variable $inventaris
in APPPATH\Views\web\inventaris\addinventaris.php on line 25.
 1 APPPATH\Views\web\inventaris\addinventaris.php(25): CodeIgniter\Debug\Exceptions->errorHandler(2, 'Undefined variable $inventaris', 'C:\\wamp64\\www\\KerjaPraktik.github.io\\app\\Views\\web\\inventaris\\addinventaris.php', 25)
 2 SYSTEMPATH\View\View.php(228): include('C:\\wamp64\\www\\KerjaPraktik.github.io\\app\\Views\\web\\inventaris\\addinventaris.php')
 3 SYSTEMPATH\View\View.php(231): CodeIgniter\View\View->CodeIgniter\View\{closure}()
 4 SYSTEMPATH\Common.php(1178): CodeIgniter\View\View->render('web/inventaris/addinventaris', [], true)
 5 APPPATH\Controllers\Inventaris.php(34): view('web/inventaris/addinventaris', [...])
 6 SYSTEMPATH\CodeIgniter.php(943): App\Controllers\Inventaris->add()
 7 SYSTEMPATH\CodeIgniter.php(503): CodeIgniter\CodeIgniter->runController(Object(App\Controllers\Inventaris))
 8 SYSTEMPATH\CodeIgniter.php(361): CodeIgniter\CodeIgniter->handleRequest(null, Object(Config\Cache), false)
 9 FCPATH\index.php(79): CodeIgniter\CodeIgniter->run()
10 SYSTEMPATH\Commands\Server\rewrite.php(47): require_once('C:\\wamp64\\www\\KerjaPraktik.github.io\\public\\index.php')
INFO - 2024-07-22 04:43:20 --> Session: Class initialized using 'CodeIgniter\Session\Handlers\FileHandler' driver.
CRITICAL - 2024-07-22 04:43:20 --> ErrorException: Undefined variable $inventaris
in APPPATH\Views\web\inventaris\addinventaris.php on line 25.
 1 APPPATH\Views\web\inventaris\addinventaris.php(25): CodeIgniter\Debug\Exceptions->errorHandler(2, 'Undefined variable $inventaris', 'C:\\wamp64\\www\\KerjaPraktik.github.io\\app\\Views\\web\\inventaris\\addinventaris.php', 25)
 2 SYSTEMPATH\View\View.php(228): include('C:\\wamp64\\www\\KerjaPraktik.github.io\\app\\Views\\web\\inventaris\\addinventaris.php')
 3 SYSTEMPATH\View\View.php(231): CodeIgniter\View\View->CodeIgniter\View\{closure}()
 4 SYSTEMPATH\Common.php(1178): CodeIgniter\View\View->render('web/inventaris/addinventaris', [], true)
 5 APPPATH\Controllers\Inventaris.php(34): view('web/inventaris/addinventaris', [...])
 6 SYSTEMPATH\CodeIgniter.php(943): App\Controllers\Inventaris->add()
 7 SYSTEMPATH\CodeIgniter.php(503): CodeIgniter\CodeIgniter->runController(Object(App\Controllers\Inventaris))
 8 SYSTEMPATH\CodeIgniter.php(361): CodeIgniter\CodeIgniter->handleRequest(null, Object(Config\Cache), false)
 9 FCPATH\index.php(79): CodeIgniter\CodeIgniter->run()
10 SYSTEMPATH\Commands\Server\rewrite.php(47): require_once('C:\\wamp64\\www\\KerjaPraktik.github.io\\public\\index.php')
INFO - 2024-07-22 04:45:41 --> Session: Class initialized using 'CodeIgniter\Session\Handlers\FileHandler' driver.
CRITICAL - 2024-07-22 04:45:41 --> ErrorException: Undefined array key "id"
in APPPATH\Views\web\inventaris\addinventaris.php on line 25.
 1 APPPATH\Views\web\inventaris\addinventaris.php(25): CodeIgniter\Debug\Exceptions->errorHandler(2, 'Undefined array key "id"', 'C:\\wamp64\\www\\KerjaPraktik.github.io\\app\\Views\\web\\inventaris\\addinventaris.php', 25)
 2 SYSTEMPATH\View\View.php(228): include('C:\\wamp64\\www\\KerjaPraktik.github.io\\app\\Views\\web\\inventaris\\addinventaris.php')
 3 SYSTEMPATH\View\View.php(231): CodeIgniter\View\View->CodeIgniter\View\{closure}()
 4 SYSTEMPATH\Common.php(1178): CodeIgniter\View\View->render('web/inventaris/addinventaris', [], true)
 5 APPPATH\Controllers\Inventaris.php(34): view('web/inventaris/addinventaris', [...])
 6 SYSTEMPATH\CodeIgniter.php(943): App\Controllers\Inventaris->add()
 7 SYSTEMPATH\CodeIgniter.php(503): CodeIgniter\CodeIgniter->runController(Object(App\Controllers\Inventaris))
 8 SYSTEMPATH\CodeIgniter.php(361): CodeIgniter\CodeIgniter->handleRequest(null, Object(Config\Cache), false)
 9 FCPATH\index.php(79): CodeIgniter\CodeIgniter->run()
10 SYSTEMPATH\Commands\Server\rewrite.php(47): require_once('C:\\wamp64\\www\\KerjaPraktik.github.io\\public\\index.php')
INFO - 2024-07-22 04:45:56 --> Session: Class initialized using 'CodeIgniter\Session\Handlers\FileHandler' driver.
CRITICAL - 2024-07-22 04:46:06 --> CodeIgniter\View\Exceptions\ViewException: Invalid file: "categoris.php"
in SYSTEMPATH\Exceptions\FrameworkException.php on line 39.
 1 SYSTEMPATH\View\View.php(216): CodeIgniter\Exceptions\FrameworkException::forInvalidFile('categoris.php')
 2 SYSTEMPATH\Common.php(1178): CodeIgniter\View\View->render('categoris', [], true)
 3 APPPATH\Controllers\Categoris.php(21): view('categoris', [...])
 4 SYSTEMPATH\CodeIgniter.php(943): App\Controllers\Categoris->index()
 5 SYSTEMPATH\CodeIgniter.php(503): CodeIgniter\CodeIgniter->runController(Object(App\Controllers\Categoris))
 6 SYSTEMPATH\CodeIgniter.php(361): CodeIgniter\CodeIgniter->handleRequest(null, Object(Config\Cache), false)
 7 FCPATH\index.php(79): CodeIgniter\CodeIgniter->run()
 8 SYSTEMPATH\Commands\Server\rewrite.php(47): require_once('C:\\wamp64\\www\\KerjaPraktik.github.io\\public\\index.php')
CRITICAL - 2024-07-22 04:47:28 --> CodeIgniter\View\Exceptions\ViewException: Invalid file: "web/categoris/categories.php"
in SYSTEMPATH\Exceptions\FrameworkException.php on line 39.
 1 SYSTEMPATH\View\View.php(216): CodeIgniter\Exceptions\FrameworkException::forInvalidFile('web/categoris/categories.php')
 2 SYSTEMPATH\Common.php(1178): CodeIgniter\View\View->render('web/categoris/categories', [], true)
 3 APPPATH\Controllers\Categoris.php(21): view('web/categoris/categories', [...])
 4 SYSTEMPATH\CodeIgniter.php(943): App\Controllers\Categoris->index()
 5 SYSTEMPATH\CodeIgniter.php(503): CodeIgniter\CodeIgniter->runController(Object(App\Controllers\Categoris))
 6 SYSTEMPATH\CodeIgniter.php(361): CodeIgniter\CodeIgniter->handleRequest(null, Object(Config\Cache), false)
 7 FCPATH\index.php(79): CodeIgniter\CodeIgniter->run()
 8 SYSTEMPATH\Commands\Server\rewrite.php(47): require_once('C:\\wamp64\\www\\KerjaPraktik.github.io\\public\\index.php')
CRITICAL - 2024-07-22 04:47:40 --> CodeIgniter\View\Exceptions\ViewException: Invalid file: "web/categories/categories.php"
in SYSTEMPATH\Exceptions\FrameworkException.php on line 39.
 1 SYSTEMPATH\View\View.php(216): CodeIgniter\Exceptions\FrameworkException::forInvalidFile('web/categories/categories.php')
 2 SYSTEMPATH\Common.php(1178): CodeIgniter\View\View->render('web/categories/categories', [], true)
 3 APPPATH\Controllers\Categoris.php(21): view('web/categories/categories', [...])
 4 SYSTEMPATH\CodeIgniter.php(943): App\Controllers\Categoris->index()
 5 SYSTEMPATH\CodeIgniter.php(503): CodeIgniter\CodeIgniter->runController(Object(App\Controllers\Categoris))
 6 SYSTEMPATH\CodeIgniter.php(361): CodeIgniter\CodeIgniter->handleRequest(null, Object(Config\Cache), false)
 7 FCPATH\index.php(79): CodeIgniter\CodeIgniter->run()
 8 SYSTEMPATH\Commands\Server\rewrite.php(47): require_once('C:\\wamp64\\www\\KerjaPraktik.github.io\\public\\index.php')
CRITICAL - 2024-07-22 04:47:58 --> CodeIgniter\View\Exceptions\ViewException: Invalid file: "web/addcategory.php"
in SYSTEMPATH\Exceptions\FrameworkException.php on line 39.
 1 SYSTEMPATH\View\View.php(216): CodeIgniter\Exceptions\FrameworkException::forInvalidFile('web/addcategory.php')
 2 SYSTEMPATH\Common.php(1178): CodeIgniter\View\View->render('web/addcategory', [], true)
 3 APPPATH\Controllers\Categoris.php(33): view('web/addcategory')
 4 SYSTEMPATH\CodeIgniter.php(943): App\Controllers\Categoris->create()
 5 SYSTEMPATH\CodeIgniter.php(503): CodeIgniter\CodeIgniter->runController(Object(App\Controllers\Categoris))
 6 SYSTEMPATH\CodeIgniter.php(361): CodeIgniter\CodeIgniter->handleRequest(null, Object(Config\Cache), false)
 7 FCPATH\index.php(79): CodeIgniter\CodeIgniter->run()
 8 SYSTEMPATH\Commands\Server\rewrite.php(47): require_once('C:\\wamp64\\www\\KerjaPraktik.github.io\\public\\index.php')
INFO - 2024-07-22 04:48:17 --> Session: Class initialized using 'CodeIgniter\Session\Handlers\FileHandler' driver.
INFO - 2024-07-22 04:48:47 --> Session: Class initialized using 'CodeIgniter\Session\Handlers\FileHandler' driver.
INFO - 2024-07-22 04:48:52 --> Session: Class initialized using 'CodeIgniter\Session\Handlers\FileHandler' driver.
INFO - 2024-07-22 04:49:08 --> Session: Class initialized using 'CodeIgniter\Session\Handlers\FileHandler' driver.
CRITICAL - 2024-07-22 04:49:33 --> CodeIgniter\View\Exceptions\ViewException: Invalid file: "location.php"
in SYSTEMPATH\Exceptions\FrameworkException.php on line 39.
 1 SYSTEMPATH\View\View.php(216): CodeIgniter\Exceptions\FrameworkException::forInvalidFile('location.php')
 2 SYSTEMPATH\Common.php(1178): CodeIgniter\View\View->render('location', [], true)
 3 APPPATH\Controllers\Location.php(22): view('location', [...])
 4 SYSTEMPATH\CodeIgniter.php(943): App\Controllers\Location->index()
 5 SYSTEMPATH\CodeIgniter.php(503): CodeIgniter\CodeIgniter->runController(Object(App\Controllers\Location))
 6 SYSTEMPATH\CodeIgniter.php(361): CodeIgniter\CodeIgniter->handleRequest(null, Object(Config\Cache), false)
 7 FCPATH\index.php(79): CodeIgniter\CodeIgniter->run()
 8 SYSTEMPATH\Commands\Server\rewrite.php(47): require_once('C:\\wamp64\\www\\KerjaPraktik.github.io\\public\\index.php')
INFO - 2024-07-22 04:57:05 --> Session: Class initialized using 'CodeIgniter\Session\Handlers\FileHandler' driver.
INFO - 2024-07-22 04:59:44 --> Session: Class initialized using 'CodeIgniter\Session\Handlers\FileHandler' driver.
INFO - 2024-07-22 05:03:37 --> Session: Class initialized using 'CodeIgniter\Session\Handlers\FileHandler' driver.
INFO - 2024-07-22 05:08:40 --> Session: Class initialized using 'CodeIgniter\Session\Handlers\FileHandler' driver.
INFO - 2024-07-22 05:08:46 --> Session: Class initialized using 'CodeIgniter\Session\Handlers\FileHandler' driver.
INFO - 2024-07-22 05:09:13 --> Session: Class initialized using 'CodeIgniter\Session\Handlers\FileHandler' driver.
INFO - 2024-07-22 05:09:13 --> Session: Class initialized using 'CodeIgniter\Session\Handlers\FileHandler' driver.
INFO - 2024-07-22 05:10:06 --> Session: Class initialized using 'CodeIgniter\Session\Handlers\FileHandler' driver.
INFO - 2024-07-22 05:10:32 --> Session: Class initialized using 'CodeIgniter\Session\Handlers\FileHandler' driver.
INFO - 2024-07-22 05:10:32 --> Session: Class initialized using 'CodeIgniter\Session\Handlers\FileHandler' driver.
INFO - 2024-07-22 05:10:48 --> Session: Class initialized using 'CodeIgniter\Session\Handlers\FileHandler' driver.
INFO - 2024-07-22 05:10:58 --> Session: Class initialized using 'CodeIgniter\Session\Handlers\FileHandler' driver.
INFO - 2024-07-22 05:10:58 --> Session: Class initialized using 'CodeIgniter\Session\Handlers\FileHandler' driver.
INFO - 2024-07-22 06:51:49 --> Session: Class initialized using 'CodeIgniter\Session\Handlers\FileHandler' driver.
ERROR - 2024-07-22 06:54:24 --> mysqli_sql_exception: Unknown column 'locations.id' in 'where clause' in C:\wamp64\www\KerjaPraktik.github.io\vendor\codeigniter4\framework\system\Database\MySQLi\Connection.php:306
Stack trace:
#0 C:\wamp64\www\KerjaPraktik.github.io\vendor\codeigniter4\framework\system\Database\MySQLi\Connection.php(306): mysqli->query('SELECT *\nFROM `...', 0)
#1 C:\wamp64\www\KerjaPraktik.github.io\vendor\codeigniter4\framework\system\Database\BaseConnection.php(693): CodeIgniter\Database\MySQLi\Connection->execute('SELECT *\nFROM `...')
#2 C:\wamp64\www\KerjaPraktik.github.io\vendor\codeigniter4\framework\system\Database\BaseConnection.php(607): CodeIgniter\Database\BaseConnection->simpleQuery('SELECT *\nFROM `...')
#3 C:\wamp64\www\KerjaPraktik.github.io\vendor\codeigniter4\framework\system\Database\BaseBuilder.php(1616): CodeIgniter\Database\BaseConnection->query('SELECT *\nFROM `...', Array, false)
#4 C:\wamp64\www\KerjaPraktik.github.io\vendor\codeigniter4\framework\system\Model.php(200): CodeIgniter\Database\BaseBuilder->get()
#5 C:\wamp64\www\KerjaPraktik.github.io\vendor\codeigniter4\framework\system\BaseModel.php(580): CodeIgniter\Model->doFind(true, '1')
#6 C:\wamp64\www\KerjaPraktik.github.io\app\Controllers\Location.php(58): CodeIgniter\BaseModel->find('1')
#7 C:\wamp64\www\KerjaPraktik.github.io\vendor\codeigniter4\framework\system\CodeIgniter.php(943): App\Controllers\Location->edit('1')
#8 C:\wamp64\www\KerjaPraktik.github.io\vendor\codeigniter4\framework\system\CodeIgniter.php(503): CodeIgniter\CodeIgniter->runController(Object(App\Controllers\Location))
#9 C:\wamp64\www\KerjaPraktik.github.io\vendor\codeigniter4\framework\system\CodeIgniter.php(361): CodeIgniter\CodeIgniter->handleRequest(NULL, Object(Config\Cache), false)
#10 C:\wamp64\www\KerjaPraktik.github.io\public\index.php(79): CodeIgniter\CodeIgniter->run()
#11 C:\wamp64\www\KerjaPraktik.github.io\vendor\codeigniter4\framework\system\Commands\Server\rewrite.php(47): require_once('C:\\wamp64\\www\\K...')
#12 {main}
CRITICAL - 2024-07-22 06:54:24 --> CodeIgniter\Database\Exceptions\DatabaseException: Unknown column 'locations.id' in 'where clause'
in SYSTEMPATH\Database\BaseConnection.php on line 647.
 1 SYSTEMPATH\Database\BaseBuilder.php(1616): CodeIgniter\Database\BaseConnection->query('SELECT *
FROM `locations`
WHERE `locations`.`id` = :locations.id:', [...], false)
 2 SYSTEMPATH\Model.php(200): CodeIgniter\Database\BaseBuilder->get()
 3 SYSTEMPATH\BaseModel.php(580): CodeIgniter\Model->doFind(true, '1')
 4 APPPATH\Controllers\Location.php(58): CodeIgniter\BaseModel->find('1')
 5 SYSTEMPATH\CodeIgniter.php(943): App\Controllers\Location->edit('1')
 6 SYSTEMPATH\CodeIgniter.php(503): CodeIgniter\CodeIgniter->runController(Object(App\Controllers\Location))
 7 SYSTEMPATH\CodeIgniter.php(361): CodeIgniter\CodeIgniter->handleRequest(null, Object(Config\Cache), false)
 8 FCPATH\index.php(79): CodeIgniter\CodeIgniter->run()
 9 SYSTEMPATH\Commands\Server\rewrite.php(47): require_once('C:\\wamp64\\www\\KerjaPraktik.github.io\\public\\index.php')
CRITICAL - 2024-07-22 06:54:24 --> [Caused by] CodeIgniter\Database\Exceptions\DatabaseException: Unknown column 'locations.id' in 'where clause'
in SYSTEMPATH\Database\MySQLi\Connection.php on line 311.
 1 SYSTEMPATH\Database\BaseConnection.php(693): CodeIgniter\Database\MySQLi\Connection->execute('SELECT *
FROM `locations`
WHERE `locations`.`id` = \'1\'')
 2 SYSTEMPATH\Database\BaseConnection.php(607): CodeIgniter\Database\BaseConnection->simpleQuery('SELECT *
FROM `locations`
WHERE `locations`.`id` = \'1\'')
 3 SYSTEMPATH\Database\BaseBuilder.php(1616): CodeIgniter\Database\BaseConnection->query('SELECT *
FROM `locations`
WHERE `locations`.`id` = :locations.id:', [...], false)
 4 SYSTEMPATH\Model.php(200): CodeIgniter\Database\BaseBuilder->get()
 5 SYSTEMPATH\BaseModel.php(580): CodeIgniter\Model->doFind(true, '1')
 6 APPPATH\Controllers\Location.php(58): CodeIgniter\BaseModel->find('1')
 7 SYSTEMPATH\CodeIgniter.php(943): App\Controllers\Location->edit('1')
 8 SYSTEMPATH\CodeIgniter.php(503): CodeIgniter\CodeIgniter->runController(Object(App\Controllers\Location))
 9 SYSTEMPATH\CodeIgniter.php(361): CodeIgniter\CodeIgniter->handleRequest(null, Object(Config\Cache), false)
10 FCPATH\index.php(79): CodeIgniter\CodeIgniter->run()
11 SYSTEMPATH\Commands\Server\rewrite.php(47): require_once('C:\\wamp64\\www\\KerjaPraktik.github.io\\public\\index.php')
CRITICAL - 2024-07-22 06:54:24 --> [Caused by] mysqli_sql_exception: Unknown column 'locations.id' in 'where clause'
in SYSTEMPATH\Database\MySQLi\Connection.php on line 306.
 1 SYSTEMPATH\Database\MySQLi\Connection.php(306): mysqli->query('SELECT *
FROM `locations`
WHERE `locations`.`id` = \'1\'', 0)
 2 SYSTEMPATH\Database\BaseConnection.php(693): CodeIgniter\Database\MySQLi\Connection->execute('SELECT *
FROM `locations`
WHERE `locations`.`id` = \'1\'')
 3 SYSTEMPATH\Database\BaseConnection.php(607): CodeIgniter\Database\BaseConnection->simpleQuery('SELECT *
FROM `locations`
WHERE `locations`.`id` = \'1\'')
 4 SYSTEMPATH\Database\BaseBuilder.php(1616): CodeIgniter\Database\BaseConnection->query('SELECT *
FROM `locations`
WHERE `locations`.`id` = :locations.id:', [...], false)
 5 SYSTEMPATH\Model.php(200): CodeIgniter\Database\BaseBuilder->get()
 6 SYSTEMPATH\BaseModel.php(580): CodeIgniter\Model->doFind(true, '1')
 7 APPPATH\Controllers\Location.php(58): CodeIgniter\BaseModel->find('1')
 8 SYSTEMPATH\CodeIgniter.php(943): App\Controllers\Location->edit('1')
 9 SYSTEMPATH\CodeIgniter.php(503): CodeIgniter\CodeIgniter->runController(Object(App\Controllers\Location))
10 SYSTEMPATH\CodeIgniter.php(361): CodeIgniter\CodeIgniter->handleRequest(null, Object(Config\Cache), false)
11 FCPATH\index.php(79): CodeIgniter\CodeIgniter->run()
12 SYSTEMPATH\Commands\Server\rewrite.php(47): require_once('C:\\wamp64\\www\\KerjaPraktik.github.io\\public\\index.php')
ERROR - 2024-07-22 06:55:50 --> mysqli_sql_exception: Unknown column 'locations.id' in 'where clause' in C:\wamp64\www\KerjaPraktik.github.io\vendor\codeigniter4\framework\system\Database\MySQLi\Connection.php:306
Stack trace:
#0 C:\wamp64\www\KerjaPraktik.github.io\vendor\codeigniter4\framework\system\Database\MySQLi\Connection.php(306): mysqli->query('SELECT *\nFROM `...', 0)
#1 C:\wamp64\www\KerjaPraktik.github.io\vendor\codeigniter4\framework\system\Database\BaseConnection.php(693): CodeIgniter\Database\MySQLi\Connection->execute('SELECT *\nFROM `...')
#2 C:\wamp64\www\KerjaPraktik.github.io\vendor\codeigniter4\framework\system\Database\BaseConnection.php(607): CodeIgniter\Database\BaseConnection->simpleQuery('SELECT *\nFROM `...')
#3 C:\wamp64\www\KerjaPraktik.github.io\vendor\codeigniter4\framework\system\Database\BaseBuilder.php(1616): CodeIgniter\Database\BaseConnection->query('SELECT *\nFROM `...', Array, false)
#4 C:\wamp64\www\KerjaPraktik.github.io\vendor\codeigniter4\framework\system\Model.php(200): CodeIgniter\Database\BaseBuilder->get()
#5 C:\wamp64\www\KerjaPraktik.github.io\vendor\codeigniter4\framework\system\BaseModel.php(580): CodeIgniter\Model->doFind(true, '2')
#6 C:\wamp64\www\KerjaPraktik.github.io\app\Controllers\Location.php(58): CodeIgniter\BaseModel->find('2')
#7 C:\wamp64\www\KerjaPraktik.github.io\vendor\codeigniter4\framework\system\CodeIgniter.php(943): App\Controllers\Location->edit('2')
#8 C:\wamp64\www\KerjaPraktik.github.io\vendor\codeigniter4\framework\system\CodeIgniter.php(503): CodeIgniter\CodeIgniter->runController(Object(App\Controllers\Location))
#9 C:\wamp64\www\KerjaPraktik.github.io\vendor\codeigniter4\framework\system\CodeIgniter.php(361): CodeIgniter\CodeIgniter->handleRequest(NULL, Object(Config\Cache), false)
#10 C:\wamp64\www\KerjaPraktik.github.io\public\index.php(79): CodeIgniter\CodeIgniter->run()
#11 C:\wamp64\www\KerjaPraktik.github.io\vendor\codeigniter4\framework\system\Commands\Server\rewrite.php(47): require_once('C:\\wamp64\\www\\K...')
#12 {main}
CRITICAL - 2024-07-22 06:55:50 --> CodeIgniter\Database\Exceptions\DatabaseException: Unknown column 'locations.id' in 'where clause'
in SYSTEMPATH\Database\BaseConnection.php on line 647.
 1 SYSTEMPATH\Database\BaseBuilder.php(1616): CodeIgniter\Database\BaseConnection->query('SELECT *
FROM `locations`
WHERE `locations`.`id` = :locations.id:', [...], false)
 2 SYSTEMPATH\Model.php(200): CodeIgniter\Database\BaseBuilder->get()
 3 SYSTEMPATH\BaseModel.php(580): CodeIgniter\Model->doFind(true, '2')
 4 APPPATH\Controllers\Location.php(58): CodeIgniter\BaseModel->find('2')
 5 SYSTEMPATH\CodeIgniter.php(943): App\Controllers\Location->edit('2')
 6 SYSTEMPATH\CodeIgniter.php(503): CodeIgniter\CodeIgniter->runController(Object(App\Controllers\Location))
 7 SYSTEMPATH\CodeIgniter.php(361): CodeIgniter\CodeIgniter->handleRequest(null, Object(Config\Cache), false)
 8 FCPATH\index.php(79): CodeIgniter\CodeIgniter->run()
 9 SYSTEMPATH\Commands\Server\rewrite.php(47): require_once('C:\\wamp64\\www\\KerjaPraktik.github.io\\public\\index.php')
CRITICAL - 2024-07-22 06:55:50 --> [Caused by] CodeIgniter\Database\Exceptions\DatabaseException: Unknown column 'locations.id' in 'where clause'
in SYSTEMPATH\Database\MySQLi\Connection.php on line 311.
 1 SYSTEMPATH\Database\BaseConnection.php(693): CodeIgniter\Database\MySQLi\Connection->execute('SELECT *
FROM `locations`
WHERE `locations`.`id` = \'2\'')
 2 SYSTEMPATH\Database\BaseConnection.php(607): CodeIgniter\Database\BaseConnection->simpleQuery('SELECT *
FROM `locations`
WHERE `locations`.`id` = \'2\'')
 3 SYSTEMPATH\Database\BaseBuilder.php(1616): CodeIgniter\Database\BaseConnection->query('SELECT *
FROM `locations`
WHERE `locations`.`id` = :locations.id:', [...], false)
 4 SYSTEMPATH\Model.php(200): CodeIgniter\Database\BaseBuilder->get()
 5 SYSTEMPATH\BaseModel.php(580): CodeIgniter\Model->doFind(true, '2')
 6 APPPATH\Controllers\Location.php(58): CodeIgniter\BaseModel->find('2')
 7 SYSTEMPATH\CodeIgniter.php(943): App\Controllers\Location->edit('2')
 8 SYSTEMPATH\CodeIgniter.php(503): CodeIgniter\CodeIgniter->runController(Object(App\Controllers\Location))
 9 SYSTEMPATH\CodeIgniter.php(361): CodeIgniter\CodeIgniter->handleRequest(null, Object(Config\Cache), false)
10 FCPATH\index.php(79): CodeIgniter\CodeIgniter->run()
11 SYSTEMPATH\Commands\Server\rewrite.php(47): require_once('C:\\wamp64\\www\\KerjaPraktik.github.io\\public\\index.php')
CRITICAL - 2024-07-22 06:55:50 --> [Caused by] mysqli_sql_exception: Unknown column 'locations.id' in 'where clause'
in SYSTEMPATH\Database\MySQLi\Connection.php on line 306.
 1 SYSTEMPATH\Database\MySQLi\Connection.php(306): mysqli->query('SELECT *
FROM `locations`
WHERE `locations`.`id` = \'2\'', 0)
 2 SYSTEMPATH\Database\BaseConnection.php(693): CodeIgniter\Database\MySQLi\Connection->execute('SELECT *
FROM `locations`
WHERE `locations`.`id` = \'2\'')
 3 SYSTEMPATH\Database\BaseConnection.php(607): CodeIgniter\Database\BaseConnection->simpleQuery('SELECT *
FROM `locations`
WHERE `locations`.`id` = \'2\'')
 4 SYSTEMPATH\Database\BaseBuilder.php(1616): CodeIgniter\Database\BaseConnection->query('SELECT *
FROM `locations`
WHERE `locations`.`id` = :locations.id:', [...], false)
 5 SYSTEMPATH\Model.php(200): CodeIgniter\Database\BaseBuilder->get()
 6 SYSTEMPATH\BaseModel.php(580): CodeIgniter\Model->doFind(true, '2')
 7 APPPATH\Controllers\Location.php(58): CodeIgniter\BaseModel->find('2')
 8 SYSTEMPATH\CodeIgniter.php(943): App\Controllers\Location->edit('2')
 9 SYSTEMPATH\CodeIgniter.php(503): CodeIgniter\CodeIgniter->runController(Object(App\Controllers\Location))
10 SYSTEMPATH\CodeIgniter.php(361): CodeIgniter\CodeIgniter->handleRequest(null, Object(Config\Cache), false)
11 FCPATH\index.php(79): CodeIgniter\CodeIgniter->run()
12 SYSTEMPATH\Commands\Server\rewrite.php(47): require_once('C:\\wamp64\\www\\KerjaPraktik.github.io\\public\\index.php')
CRITICAL - 2024-07-22 07:01:21 --> ArgumentCountError: Too few arguments to function App\Controllers\Location::delete(), 0 passed in C:\wamp64\www\KerjaPraktik.github.io\vendor\codeigniter4\framework\system\CodeIgniter.php on line 943 and exactly 1 expected
in APPPATH\Controllers\Location.php on line 86.
 1 SYSTEMPATH\CodeIgniter.php(943): App\Controllers\Location->delete()
 2 SYSTEMPATH\CodeIgniter.php(503): CodeIgniter\CodeIgniter->runController(Object(App\Controllers\Location))
 3 SYSTEMPATH\CodeIgniter.php(361): CodeIgniter\CodeIgniter->handleRequest(null, Object(Config\Cache), false)
 4 FCPATH\index.php(79): CodeIgniter\CodeIgniter->run()
 5 SYSTEMPATH\Commands\Server\rewrite.php(47): require_once('C:\\wamp64\\www\\KerjaPraktik.github.io\\public\\index.php')
CRITICAL - 2024-07-22 07:01:32 --> CodeIgniter\Database\Exceptions\DatabaseException: Deletes are not allowed unless they contain a "where" or "like" clause.
in SYSTEMPATH\Database\BaseBuilder.php on line 2763.
 1 SYSTEMPATH\Model.php(454): CodeIgniter\Database\BaseBuilder->delete()
 2 SYSTEMPATH\BaseModel.php(1120): CodeIgniter\Model->doDelete(null, false)
 3 APPPATH\Controllers\Location.php(90): CodeIgniter\BaseModel->delete(null)
 4 SYSTEMPATH\CodeIgniter.php(943): App\Controllers\Location->delete()
 5 SYSTEMPATH\CodeIgniter.php(503): CodeIgniter\CodeIgniter->runController(Object(App\Controllers\Location))
 6 SYSTEMPATH\CodeIgniter.php(361): CodeIgniter\CodeIgniter->handleRequest(null, Object(Config\Cache), false)
 7 FCPATH\index.php(79): CodeIgniter\CodeIgniter->run()
 8 SYSTEMPATH\Commands\Server\rewrite.php(47): require_once('C:\\wamp64\\www\\KerjaPraktik.github.io\\public\\index.php')
CRITICAL - 2024-07-22 07:01:44 --> CodeIgniter\Database\Exceptions\DatabaseException: Deletes are not allowed unless they contain a "where" or "like" clause.
in SYSTEMPATH\Database\BaseBuilder.php on line 2763.
 1 SYSTEMPATH\Model.php(454): CodeIgniter\Database\BaseBuilder->delete()
 2 SYSTEMPATH\BaseModel.php(1120): CodeIgniter\Model->doDelete(null, false)
 3 APPPATH\Controllers\Location.php(90): CodeIgniter\BaseModel->delete(null)
 4 SYSTEMPATH\CodeIgniter.php(943): App\Controllers\Location->delete()
 5 SYSTEMPATH\CodeIgniter.php(503): CodeIgniter\CodeIgniter->runController(Object(App\Controllers\Location))
 6 SYSTEMPATH\CodeIgniter.php(361): CodeIgniter\CodeIgniter->handleRequest(null, Object(Config\Cache), false)
 7 FCPATH\index.php(79): CodeIgniter\CodeIgniter->run()
 8 SYSTEMPATH\Commands\Server\rewrite.php(47): require_once('C:\\wamp64\\www\\KerjaPraktik.github.io\\public\\index.php')
CRITICAL - 2024-07-22 07:06:41 --> CodeIgniter\Database\Exceptions\DatabaseException: Deletes are not allowed unless they contain a "where" or "like" clause.
in SYSTEMPATH\Database\BaseBuilder.php on line 2763.
 1 SYSTEMPATH\Model.php(454): CodeIgniter\Database\BaseBuilder->delete()
 2 SYSTEMPATH\BaseModel.php(1120): CodeIgniter\Model->doDelete(null, false)
 3 APPPATH\Controllers\Location.php(90): CodeIgniter\BaseModel->delete(null)
 4 SYSTEMPATH\CodeIgniter.php(943): App\Controllers\Location->delete()
 5 SYSTEMPATH\CodeIgniter.php(503): CodeIgniter\CodeIgniter->runController(Object(App\Controllers\Location))
 6 SYSTEMPATH\CodeIgniter.php(361): CodeIgniter\CodeIgniter->handleRequest(null, Object(Config\Cache), false)
 7 FCPATH\index.php(79): CodeIgniter\CodeIgniter->run()
 8 SYSTEMPATH\Commands\Server\rewrite.php(47): require_once('C:\\wamp64\\www\\KerjaPraktik.github.io\\public\\index.php')
CRITICAL - 2024-07-22 07:07:15 --> CodeIgniter\Database\Exceptions\DatabaseException: Deletes are not allowed unless they contain a "where" or "like" clause.
in SYSTEMPATH\Database\BaseBuilder.php on line 2763.
 1 SYSTEMPATH\Model.php(454): CodeIgniter\Database\BaseBuilder->delete()
 2 SYSTEMPATH\BaseModel.php(1120): CodeIgniter\Model->doDelete(null, false)
 3 APPPATH\Controllers\Location.php(90): CodeIgniter\BaseModel->delete(null)
 4 SYSTEMPATH\CodeIgniter.php(943): App\Controllers\Location->delete()
 5 SYSTEMPATH\CodeIgniter.php(503): CodeIgniter\CodeIgniter->runController(Object(App\Controllers\Location))
 6 SYSTEMPATH\CodeIgniter.php(361): CodeIgniter\CodeIgniter->handleRequest(null, Object(Config\Cache), false)
 7 FCPATH\index.php(79): CodeIgniter\CodeIgniter->run()
 8 SYSTEMPATH\Commands\Server\rewrite.php(47): require_once('C:\\wamp64\\www\\KerjaPraktik.github.io\\public\\index.php')
CRITICAL - 2024-07-22 07:07:22 --> CodeIgniter\Database\Exceptions\DatabaseException: Deletes are not allowed unless they contain a "where" or "like" clause.
in SYSTEMPATH\Database\BaseBuilder.php on line 2763.
 1 SYSTEMPATH\Model.php(454): CodeIgniter\Database\BaseBuilder->delete()
 2 SYSTEMPATH\BaseModel.php(1120): CodeIgniter\Model->doDelete(null, false)
 3 APPPATH\Controllers\Location.php(90): CodeIgniter\BaseModel->delete(null)
 4 SYSTEMPATH\CodeIgniter.php(943): App\Controllers\Location->delete()
 5 SYSTEMPATH\CodeIgniter.php(503): CodeIgniter\CodeIgniter->runController(Object(App\Controllers\Location))
 6 SYSTEMPATH\CodeIgniter.php(361): CodeIgniter\CodeIgniter->handleRequest(null, Object(Config\Cache), false)
 7 FCPATH\index.php(79): CodeIgniter\CodeIgniter->run()
 8 SYSTEMPATH\Commands\Server\rewrite.php(47): require_once('C:\\wamp64\\www\\KerjaPraktik.github.io\\public\\index.php')
INFO - 2024-07-22 07:09:02 --> Session: Class initialized using 'CodeIgniter\Session\Handlers\FileHandler' driver.
CRITICAL - 2024-07-22 07:09:03 --> Error: Call to a member function findAll() on null
in APPPATH\Controllers\Location.php on line 21.
 1 SYSTEMPATH\CodeIgniter.php(943): App\Controllers\Location->index()
 2 SYSTEMPATH\CodeIgniter.php(503): CodeIgniter\CodeIgniter->runController(Object(App\Controllers\Location))
 3 SYSTEMPATH\CodeIgniter.php(361): CodeIgniter\CodeIgniter->handleRequest(null, Object(Config\Cache), false)
 4 FCPATH\index.php(79): CodeIgniter\CodeIgniter->run()
 5 SYSTEMPATH\Commands\Server\rewrite.php(47): require_once('C:\\wamp64\\www\\KerjaPraktik.github.io\\public\\index.php')
INFO - 2024-07-22 07:09:31 --> Session: Class initialized using 'CodeIgniter\Session\Handlers\FileHandler' driver.
INFO - 2024-07-22 07:09:48 --> Session: Class initialized using 'CodeIgniter\Session\Handlers\FileHandler' driver.
ERROR - 2024-07-22 07:10:48 --> mysqli_sql_exception: Unknown column 'locations.id' in 'where clause' in C:\wamp64\www\KerjaPraktik.github.io\vendor\codeigniter4\framework\system\Database\MySQLi\Connection.php:306
Stack trace:
#0 C:\wamp64\www\KerjaPraktik.github.io\vendor\codeigniter4\framework\system\Database\MySQLi\Connection.php(306): mysqli->query('SELECT *\nFROM `...', 0)
#1 C:\wamp64\www\KerjaPraktik.github.io\vendor\codeigniter4\framework\system\Database\BaseConnection.php(693): CodeIgniter\Database\MySQLi\Connection->execute('SELECT *\nFROM `...')
#2 C:\wamp64\www\KerjaPraktik.github.io\vendor\codeigniter4\framework\system\Database\BaseConnection.php(607): CodeIgniter\Database\BaseConnection->simpleQuery('SELECT *\nFROM `...')
#3 C:\wamp64\www\KerjaPraktik.github.io\vendor\codeigniter4\framework\system\Database\BaseBuilder.php(1616): CodeIgniter\Database\BaseConnection->query('SELECT *\nFROM `...', Array, false)
#4 C:\wamp64\www\KerjaPraktik.github.io\vendor\codeigniter4\framework\system\Model.php(200): CodeIgniter\Database\BaseBuilder->get()
#5 C:\wamp64\www\KerjaPraktik.github.io\vendor\codeigniter4\framework\system\BaseModel.php(580): CodeIgniter\Model->doFind(true, '1')
#6 C:\wamp64\www\KerjaPraktik.github.io\app\Controllers\Location.php(91): CodeIgniter\BaseModel->find('1')
#7 C:\wamp64\www\KerjaPraktik.github.io\vendor\codeigniter4\framework\system\CodeIgniter.php(943): App\Controllers\Location->delete()
#8 C:\wamp64\www\KerjaPraktik.github.io\vendor\codeigniter4\framework\system\CodeIgniter.php(503): CodeIgniter\CodeIgniter->runController(Object(App\Controllers\Location))
#9 C:\wamp64\www\KerjaPraktik.github.io\vendor\codeigniter4\framework\system\CodeIgniter.php(361): CodeIgniter\CodeIgniter->handleRequest(NULL, Object(Config\Cache), false)
#10 C:\wamp64\www\KerjaPraktik.github.io\public\index.php(79): CodeIgniter\CodeIgniter->run()
#11 C:\wamp64\www\KerjaPraktik.github.io\vendor\codeigniter4\framework\system\Commands\Server\rewrite.php(47): require_once('C:\\wamp64\\www\\K...')
#12 {main}
CRITICAL - 2024-07-22 07:10:48 --> CodeIgniter\Database\Exceptions\DatabaseException: Unknown column 'locations.id' in 'where clause'
in SYSTEMPATH\Database\BaseConnection.php on line 647.
 1 SYSTEMPATH\Database\BaseBuilder.php(1616): CodeIgniter\Database\BaseConnection->query('SELECT *
FROM `locations`
WHERE `locations`.`id` = :locations.id:', [...], false)
 2 SYSTEMPATH\Model.php(200): CodeIgniter\Database\BaseBuilder->get()
 3 SYSTEMPATH\BaseModel.php(580): CodeIgniter\Model->doFind(true, '1')
 4 APPPATH\Controllers\Location.php(91): CodeIgniter\BaseModel->find('1')
 5 SYSTEMPATH\CodeIgniter.php(943): App\Controllers\Location->delete()
 6 SYSTEMPATH\CodeIgniter.php(503): CodeIgniter\CodeIgniter->runController(Object(App\Controllers\Location))
 7 SYSTEMPATH\CodeIgniter.php(361): CodeIgniter\CodeIgniter->handleRequest(null, Object(Config\Cache), false)
 8 FCPATH\index.php(79): CodeIgniter\CodeIgniter->run()
 9 SYSTEMPATH\Commands\Server\rewrite.php(47): require_once('C:\\wamp64\\www\\KerjaPraktik.github.io\\public\\index.php')
CRITICAL - 2024-07-22 07:10:48 --> [Caused by] CodeIgniter\Database\Exceptions\DatabaseException: Unknown column 'locations.id' in 'where clause'
in SYSTEMPATH\Database\MySQLi\Connection.php on line 311.
 1 SYSTEMPATH\Database\BaseConnection.php(693): CodeIgniter\Database\MySQLi\Connection->execute('SELECT *
FROM `locations`
WHERE `locations`.`id` = \'1\'')
 2 SYSTEMPATH\Database\BaseConnection.php(607): CodeIgniter\Database\BaseConnection->simpleQuery('SELECT *
FROM `locations`
WHERE `locations`.`id` = \'1\'')
 3 SYSTEMPATH\Database\BaseBuilder.php(1616): CodeIgniter\Database\BaseConnection->query('SELECT *
FROM `locations`
WHERE `locations`.`id` = :locations.id:', [...], false)
 4 SYSTEMPATH\Model.php(200): CodeIgniter\Database\BaseBuilder->get()
 5 SYSTEMPATH\BaseModel.php(580): CodeIgniter\Model->doFind(true, '1')
 6 APPPATH\Controllers\Location.php(91): CodeIgniter\BaseModel->find('1')
 7 SYSTEMPATH\CodeIgniter.php(943): App\Controllers\Location->delete()
 8 SYSTEMPATH\CodeIgniter.php(503): CodeIgniter\CodeIgniter->runController(Object(App\Controllers\Location))
 9 SYSTEMPATH\CodeIgniter.php(361): CodeIgniter\CodeIgniter->handleRequest(null, Object(Config\Cache), false)
10 FCPATH\index.php(79): CodeIgniter\CodeIgniter->run()
11 SYSTEMPATH\Commands\Server\rewrite.php(47): require_once('C:\\wamp64\\www\\KerjaPraktik.github.io\\public\\index.php')
CRITICAL - 2024-07-22 07:10:48 --> [Caused by] mysqli_sql_exception: Unknown column 'locations.id' in 'where clause'
in SYSTEMPATH\Database\MySQLi\Connection.php on line 306.
 1 SYSTEMPATH\Database\MySQLi\Connection.php(306): mysqli->query('SELECT *
FROM `locations`
WHERE `locations`.`id` = \'1\'', 0)
 2 SYSTEMPATH\Database\BaseConnection.php(693): CodeIgniter\Database\MySQLi\Connection->execute('SELECT *
FROM `locations`
WHERE `locations`.`id` = \'1\'')
 3 SYSTEMPATH\Database\BaseConnection.php(607): CodeIgniter\Database\BaseConnection->simpleQuery('SELECT *
FROM `locations`
WHERE `locations`.`id` = \'1\'')
 4 SYSTEMPATH\Database\BaseBuilder.php(1616): CodeIgniter\Database\BaseConnection->query('SELECT *
FROM `locations`
WHERE `locations`.`id` = :locations.id:', [...], false)
 5 SYSTEMPATH\Model.php(200): CodeIgniter\Database\BaseBuilder->get()
 6 SYSTEMPATH\BaseModel.php(580): CodeIgniter\Model->doFind(true, '1')
 7 APPPATH\Controllers\Location.php(91): CodeIgniter\BaseModel->find('1')
 8 SYSTEMPATH\CodeIgniter.php(943): App\Controllers\Location->delete()
 9 SYSTEMPATH\CodeIgniter.php(503): CodeIgniter\CodeIgniter->runController(Object(App\Controllers\Location))
10 SYSTEMPATH\CodeIgniter.php(361): CodeIgniter\CodeIgniter->handleRequest(null, Object(Config\Cache), false)
11 FCPATH\index.php(79): CodeIgniter\CodeIgniter->run()
12 SYSTEMPATH\Commands\Server\rewrite.php(47): require_once('C:\\wamp64\\www\\KerjaPraktik.github.io\\public\\index.php')
INFO - 2024-07-22 07:11:30 --> Session: Class initialized using 'CodeIgniter\Session\Handlers\FileHandler' driver.
INFO - 2024-07-22 07:11:34 --> Session: Class initialized using 'CodeIgniter\Session\Handlers\FileHandler' driver.
INFO - 2024-07-22 07:11:42 --> Session: Class initialized using 'CodeIgniter\Session\Handlers\FileHandler' driver.
INFO - 2024-07-22 07:11:47 --> Session: Class initialized using 'CodeIgniter\Session\Handlers\FileHandler' driver.
INFO - 2024-07-22 07:12:12 --> Session: Class initialized using 'CodeIgniter\Session\Handlers\FileHandler' driver.
INFO - 2024-07-22 07:12:20 --> Session: Class initialized using 'CodeIgniter\Session\Handlers\FileHandler' driver.
INFO - 2024-07-22 07:12:32 --> Session: Class initialized using 'CodeIgniter\Session\Handlers\FileHandler' driver.
INFO - 2024-07-22 07:12:36 --> Session: Class initialized using 'CodeIgniter\Session\Handlers\FileHandler' driver.
INFO - 2024-07-22 07:14:37 --> Session: Class initialized using 'CodeIgniter\Session\Handlers\FileHandler' driver.
INFO - 2024-07-22 07:20:52 --> Session: Class initialized using 'CodeIgniter\Session\Handlers\FileHandler' driver.
INFO - 2024-07-22 07:21:04 --> Session: Class initialized using 'CodeIgniter\Session\Handlers\FileHandler' driver.
CRITICAL - 2024-07-22 07:21:11 --> Error: Call to a member function save() on null
in APPPATH\Controllers\Location.php on line 47.
 1 SYSTEMPATH\CodeIgniter.php(943): App\Controllers\Location->location_store()
 2 SYSTEMPATH\CodeIgniter.php(503): CodeIgniter\CodeIgniter->runController(Object(App\Controllers\Location))
 3 SYSTEMPATH\CodeIgniter.php(361): CodeIgniter\CodeIgniter->handleRequest(null, Object(Config\Cache), false)
 4 FCPATH\index.php(79): CodeIgniter\CodeIgniter->run()
 5 SYSTEMPATH\Commands\Server\rewrite.php(47): require_once('C:\\wamp64\\www\\KerjaPraktik.github.io\\public\\index.php')
INFO - 2024-07-22 07:21:51 --> Session: Class initialized using 'CodeIgniter\Session\Handlers\FileHandler' driver.
INFO - 2024-07-22 07:21:51 --> Session: Class initialized using 'CodeIgniter\Session\Handlers\FileHandler' driver.
INFO - 2024-07-22 07:22:00 --> Session: Class initialized using 'CodeIgniter\Session\Handlers\FileHandler' driver.
INFO - 2024-07-22 07:22:09 --> Session: Class initialized using 'CodeIgniter\Session\Handlers\FileHandler' driver.
CRITICAL - 2024-07-22 07:22:09 --> ErrorException: Undefined array key "locationID"
in APPPATH\Views\web\inventaris\addinventaris.php on line 33.
 1 APPPATH\Views\web\inventaris\addinventaris.php(33): CodeIgniter\Debug\Exceptions->errorHandler(2, 'Undefined array key "locationID"', 'C:\\wamp64\\www\\KerjaPraktik.github.io\\app\\Views\\web\\inventaris\\addinventaris.php', 33)
 2 SYSTEMPATH\View\View.php(228): include('C:\\wamp64\\www\\KerjaPraktik.github.io\\app\\Views\\web\\inventaris\\addinventaris.php')
 3 SYSTEMPATH\View\View.php(231): CodeIgniter\View\View->CodeIgniter\View\{closure}()
 4 SYSTEMPATH\Common.php(1178): CodeIgniter\View\View->render('web/inventaris/addinventaris', [], true)
 5 APPPATH\Controllers\Inventaris.php(38): view('web/inventaris/addinventaris', [...])
 6 SYSTEMPATH\CodeIgniter.php(943): App\Controllers\Inventaris->add()
 7 SYSTEMPATH\CodeIgniter.php(503): CodeIgniter\CodeIgniter->runController(Object(App\Controllers\Inventaris))
 8 SYSTEMPATH\CodeIgniter.php(361): CodeIgniter\CodeIgniter->handleRequest(null, Object(Config\Cache), false)
 9 FCPATH\index.php(79): CodeIgniter\CodeIgniter->run()
10 SYSTEMPATH\Commands\Server\rewrite.php(47): require_once('C:\\wamp64\\www\\KerjaPraktik.github.io\\public\\index.php')
INFO - 2024-07-22 07:22:36 --> Session: Class initialized using 'CodeIgniter\Session\Handlers\FileHandler' driver.
INFO - 2024-07-22 07:23:56 --> Session: Class initialized using 'CodeIgniter\Session\Handlers\FileHandler' driver.
INFO - 2024-07-22 07:24:14 --> Session: Class initialized using 'CodeIgniter\Session\Handlers\FileHandler' driver.
INFO - 2024-07-22 07:24:38 --> Session: Class initialized using 'CodeIgniter\Session\Handlers\FileHandler' driver.
INFO - 2024-07-22 07:56:27 --> Session: Class initialized using 'CodeIgniter\Session\Handlers\FileHandler' driver.
INFO - 2024-07-22 07:56:27 --> Session: Class initialized using 'CodeIgniter\Session\Handlers\FileHandler' driver.
INFO - 2024-07-22 07:56:29 --> Session: Class initialized using 'CodeIgniter\Session\Handlers\FileHandler' driver.
CRITICAL - 2024-07-22 08:10:25 --> ErrorException: Undefined array key "ItemID"
in APPPATH\Views\web\categories\categoris.php on line 55.
 1 APPPATH\Views\web\categories\categoris.php(55): CodeIgniter\Debug\Exceptions->errorHandler(2, 'Undefined array key "ItemID"', 'C:\\wamp64\\www\\KerjaPraktik.github.io\\app\\Views\\web\\categories\\categoris.php', 55)
 2 SYSTEMPATH\View\View.php(228): include('C:\\wamp64\\www\\KerjaPraktik.github.io\\app\\Views\\web\\categories\\categoris.php')
 3 SYSTEMPATH\View\View.php(231): CodeIgniter\View\View->CodeIgniter\View\{closure}()
 4 SYSTEMPATH\Common.php(1178): CodeIgniter\View\View->render('web/categories/categoris', [], true)
 5 APPPATH\Controllers\Categoris.php(21): view('web/categories/categoris', [...])
 6 SYSTEMPATH\CodeIgniter.php(943): App\Controllers\Categoris->index()
 7 SYSTEMPATH\CodeIgniter.php(503): CodeIgniter\CodeIgniter->runController(Object(App\Controllers\Categoris))
 8 SYSTEMPATH\CodeIgniter.php(361): CodeIgniter\CodeIgniter->handleRequest(null, Object(Config\Cache), false)
 9 FCPATH\index.php(79): CodeIgniter\CodeIgniter->run()
10 SYSTEMPATH\Commands\Server\rewrite.php(47): require_once('C:\\wamp64\\www\\KerjaPraktik.github.io\\public\\index.php')
CRITICAL - 2024-07-22 08:13:13 --> ErrorException: Undefined array key "ItemID"
in APPPATH\Views\web\categories\categoris.php on line 59.
 1 APPPATH\Views\web\categories\categoris.php(59): CodeIgniter\Debug\Exceptions->errorHandler(2, 'Undefined array key "ItemID"', 'C:\\wamp64\\www\\KerjaPraktik.github.io\\app\\Views\\web\\categories\\categoris.php', 59)
 2 SYSTEMPATH\View\View.php(228): include('C:\\wamp64\\www\\KerjaPraktik.github.io\\app\\Views\\web\\categories\\categoris.php')
 3 SYSTEMPATH\View\View.php(231): CodeIgniter\View\View->CodeIgniter\View\{closure}()
 4 SYSTEMPATH\Common.php(1178): CodeIgniter\View\View->render('web/categories/categoris', [], true)
 5 APPPATH\Controllers\Categoris.php(21): view('web/categories/categoris', [...])
 6 SYSTEMPATH\CodeIgniter.php(943): App\Controllers\Categoris->index()
 7 SYSTEMPATH\CodeIgniter.php(503): CodeIgniter\CodeIgniter->runController(Object(App\Controllers\Categoris))
 8 SYSTEMPATH\CodeIgniter.php(361): CodeIgniter\CodeIgniter->handleRequest(null, Object(Config\Cache), false)
 9 FCPATH\index.php(79): CodeIgniter\CodeIgniter->run()
10 SYSTEMPATH\Commands\Server\rewrite.php(47): require_once('C:\\wamp64\\www\\KerjaPraktik.github.io\\public\\index.php')
CRITICAL - 2024-07-22 08:13:20 --> ErrorException: Undefined array key "ItemID"
in APPPATH\Views\web\categories\categoris.php on line 59.
 1 APPPATH\Views\web\categories\categoris.php(59): CodeIgniter\Debug\Exceptions->errorHandler(2, 'Undefined array key "ItemID"', 'C:\\wamp64\\www\\KerjaPraktik.github.io\\app\\Views\\web\\categories\\categoris.php', 59)
 2 SYSTEMPATH\View\View.php(228): include('C:\\wamp64\\www\\KerjaPraktik.github.io\\app\\Views\\web\\categories\\categoris.php')
 3 SYSTEMPATH\View\View.php(231): CodeIgniter\View\View->CodeIgniter\View\{closure}()
 4 SYSTEMPATH\Common.php(1178): CodeIgniter\View\View->render('web/categories/categoris', [], true)
 5 APPPATH\Controllers\Categoris.php(21): view('web/categories/categoris', [...])
 6 SYSTEMPATH\CodeIgniter.php(943): App\Controllers\Categoris->index()
 7 SYSTEMPATH\CodeIgniter.php(503): CodeIgniter\CodeIgniter->runController(Object(App\Controllers\Categoris))
 8 SYSTEMPATH\CodeIgniter.php(361): CodeIgniter\CodeIgniter->handleRequest(null, Object(Config\Cache), false)
 9 FCPATH\index.php(79): CodeIgniter\CodeIgniter->run()
10 SYSTEMPATH\Commands\Server\rewrite.php(47): require_once('C:\\wamp64\\www\\KerjaPraktik.github.io\\public\\index.php')
CRITICAL - 2024-07-22 08:13:38 --> CodeIgniter\View\Exceptions\ViewException: Invalid file: "location/edit.php"
in SYSTEMPATH\Exceptions\FrameworkException.php on line 39.
 1 SYSTEMPATH\View\View.php(216): CodeIgniter\Exceptions\FrameworkException::forInvalidFile('location/edit.php')
 2 SYSTEMPATH\Common.php(1178): CodeIgniter\View\View->render('location/edit', [], true)
 3 APPPATH\Controllers\Location.php(57): view('location/edit', [...])
 4 SYSTEMPATH\CodeIgniter.php(943): App\Controllers\Location->edit('3')
 5 SYSTEMPATH\CodeIgniter.php(503): CodeIgniter\CodeIgniter->runController(Object(App\Controllers\Location))
 6 SYSTEMPATH\CodeIgniter.php(361): CodeIgniter\CodeIgniter->handleRequest(null, Object(Config\Cache), false)
 7 FCPATH\index.php(79): CodeIgniter\CodeIgniter->run()
 8 SYSTEMPATH\Commands\Server\rewrite.php(47): require_once('C:\\wamp64\\www\\KerjaPraktik.github.io\\public\\index.php')
CRITICAL - 2024-07-22 08:13:43 --> CodeIgniter\View\Exceptions\ViewException: Invalid file: "location/edit.php"
in SYSTEMPATH\Exceptions\FrameworkException.php on line 39.
 1 SYSTEMPATH\View\View.php(216): CodeIgniter\Exceptions\FrameworkException::forInvalidFile('location/edit.php')
 2 SYSTEMPATH\Common.php(1178): CodeIgniter\View\View->render('location/edit', [], true)
 3 APPPATH\Controllers\Location.php(57): view('location/edit', [...])
 4 SYSTEMPATH\CodeIgniter.php(943): App\Controllers\Location->edit('3')
 5 SYSTEMPATH\CodeIgniter.php(503): CodeIgniter\CodeIgniter->runController(Object(App\Controllers\Location))
 6 SYSTEMPATH\CodeIgniter.php(361): CodeIgniter\CodeIgniter->handleRequest(null, Object(Config\Cache), false)
 7 FCPATH\index.php(79): CodeIgniter\CodeIgniter->run()
 8 SYSTEMPATH\Commands\Server\rewrite.php(47): require_once('C:\\wamp64\\www\\KerjaPraktik.github.io\\public\\index.php')
CRITICAL - 2024-07-22 08:22:36 --> ParseError: syntax error, unexpected token "<<", expecting end of file
in APPPATH\Config\Routes.php on line 23.
 1 SYSTEMPATH\CodeIgniter.php(811): CodeIgniter\Router\RouteCollection->loadRoutes()
 2 SYSTEMPATH\CodeIgniter.php(450): CodeIgniter\CodeIgniter->tryToRouteIt(null)
 3 SYSTEMPATH\CodeIgniter.php(361): CodeIgniter\CodeIgniter->handleRequest(null, Object(Config\Cache), false)
 4 FCPATH\index.php(79): CodeIgniter\CodeIgniter->run()
 5 SYSTEMPATH\Commands\Server\rewrite.php(47): require_once('C:\\wamp64\\www\\inventaris\\public\\index.php')
INFO - 2024-07-22 08:23:57 --> Session: Class initialized using 'CodeIgniter\Session\Handlers\FileHandler' driver.
INFO - 2024-07-22 08:23:57 --> Session: Class initialized using 'CodeIgniter\Session\Handlers\FileHandler' driver.
INFO - 2024-07-22 08:24:50 --> Session: Class initialized using 'CodeIgniter\Session\Handlers\FileHandler' driver.
ERROR - 2024-07-22 08:24:50 --> Error connecting to the database: mysqli_sql_exception: Unknown database 'inventory' in C:\wamp64\www\inventaris\vendor\codeigniter4\framework\system\Database\MySQLi\Connection.php:185
Stack trace:
#0 C:\wamp64\www\inventaris\vendor\codeigniter4\framework\system\Database\MySQLi\Connection.php(185): mysqli->real_connect('localhost', 'root', '', 'inventory', 3306, '', 0)
#1 C:\wamp64\www\inventaris\vendor\codeigniter4\framework\system\Database\BaseConnection.php(392): CodeIgniter\Database\MySQLi\Connection->connect(false)
#2 C:\wamp64\www\inventaris\vendor\codeigniter4\framework\system\Database\BaseConnection.php(575): CodeIgniter\Database\BaseConnection->initialize()
#3 C:\wamp64\www\inventaris\vendor\codeigniter4\framework\system\Database\BaseBuilder.php(1616): CodeIgniter\Database\BaseConnection->query('SELECT *\nFROM `...', Array, false)
#4 C:\wamp64\www\inventaris\vendor\codeigniter4\framework\system\Model.php(271): CodeIgniter\Database\BaseBuilder->get()
#5 C:\wamp64\www\inventaris\vendor\codeigniter4\framework\system\BaseModel.php(679): CodeIgniter\Model->doFirst()
#6 C:\wamp64\www\inventaris\app\Controllers\Login.php(31): CodeIgniter\BaseModel->first()
#7 C:\wamp64\www\inventaris\vendor\codeigniter4\framework\system\CodeIgniter.php(943): App\Controllers\Login->authenticate()
#8 C:\wamp64\www\inventaris\vendor\codeigniter4\framework\system\CodeIgniter.php(503): CodeIgniter\CodeIgniter->runController(Object(App\Controllers\Login))
#9 C:\wamp64\www\inventaris\vendor\codeigniter4\framework\system\CodeIgniter.php(361): CodeIgniter\CodeIgniter->handleRequest(NULL, Object(Config\Cache), false)
#10 C:\wamp64\www\inventaris\public\index.php(79): CodeIgniter\CodeIgniter->run()
#11 C:\wamp64\www\inventaris\vendor\codeigniter4\framework\system\Commands\Server\rewrite.php(47): require_once('C:\\wamp64\\www\\i...')
#12 {main}

Next CodeIgniter\Database\Exceptions\DatabaseException: Unknown database 'inventory' in C:\wamp64\www\inventaris\vendor\codeigniter4\framework\system\Database\MySQLi\Connection.php:229
Stack trace:
#0 C:\wamp64\www\inventaris\vendor\codeigniter4\framework\system\Database\BaseConnection.php(392): CodeIgniter\Database\MySQLi\Connection->connect(false)
#1 C:\wamp64\www\inventaris\vendor\codeigniter4\framework\system\Database\BaseConnection.php(575): CodeIgniter\Database\BaseConnection->initialize()
#2 C:\wamp64\www\inventaris\vendor\codeigniter4\framework\system\Database\BaseBuilder.php(1616): CodeIgniter\Database\BaseConnection->query('SELECT *\nFROM `...', Array, false)
#3 C:\wamp64\www\inventaris\vendor\codeigniter4\framework\system\Model.php(271): CodeIgniter\Database\BaseBuilder->get()
#4 C:\wamp64\www\inventaris\vendor\codeigniter4\framework\system\BaseModel.php(679): CodeIgniter\Model->doFirst()
#5 C:\wamp64\www\inventaris\app\Controllers\Login.php(31): CodeIgniter\BaseModel->first()
#6 C:\wamp64\www\inventaris\vendor\codeigniter4\framework\system\CodeIgniter.php(943): App\Controllers\Login->authenticate()
#7 C:\wamp64\www\inventaris\vendor\codeigniter4\framework\system\CodeIgniter.php(503): CodeIgniter\CodeIgniter->runController(Object(App\Controllers\Login))
#8 C:\wamp64\www\inventaris\vendor\codeigniter4\framework\system\CodeIgniter.php(361): CodeIgniter\CodeIgniter->handleRequest(NULL, Object(Config\Cache), false)
#9 C:\wamp64\www\inventaris\public\index.php(79): CodeIgniter\CodeIgniter->run()
#10 C:\wamp64\www\inventaris\vendor\codeigniter4\framework\system\Commands\Server\rewrite.php(47): require_once('C:\\wamp64\\www\\i...')
#11 {main}
CRITICAL - 2024-07-22 08:24:50 --> CodeIgniter\Database\Exceptions\DatabaseException: Unable to connect to the database.
Main connection [MySQLi]: Unknown database 'inventory'
in SYSTEMPATH\Database\BaseConnection.php on line 428.
 1 SYSTEMPATH\Database\BaseConnection.php(575): CodeIgniter\Database\BaseConnection->initialize()
 2 SYSTEMPATH\Database\BaseBuilder.php(1616): CodeIgniter\Database\BaseConnection->query('SELECT *
FROM `users`
WHERE `username` = :username:
 LIMIT 1', [...], false)
 3 SYSTEMPATH\Model.php(271): CodeIgniter\Database\BaseBuilder->get()
 4 SYSTEMPATH\BaseModel.php(679): CodeIgniter\Model->doFirst()
 5 APPPATH\Controllers\Login.php(31): CodeIgniter\BaseModel->first()
 6 SYSTEMPATH\CodeIgniter.php(943): App\Controllers\Login->authenticate()
 7 SYSTEMPATH\CodeIgniter.php(503): CodeIgniter\CodeIgniter->runController(Object(App\Controllers\Login))
 8 SYSTEMPATH\CodeIgniter.php(361): CodeIgniter\CodeIgniter->handleRequest(null, Object(Config\Cache), false)
 9 FCPATH\index.php(79): CodeIgniter\CodeIgniter->run()
10 SYSTEMPATH\Commands\Server\rewrite.php(47): require_once('C:\\wamp64\\www\\inventaris\\public\\index.php')
INFO - 2024-07-22 08:26:03 --> Session: Class initialized using 'CodeIgniter\Session\Handlers\FileHandler' driver.
ERROR - 2024-07-22 08:26:03 --> Error connecting to the database: mysqli_sql_exception: Unknown database 'inventory' in C:\wamp64\www\inventaris\vendor\codeigniter4\framework\system\Database\MySQLi\Connection.php:185
Stack trace:
#0 C:\wamp64\www\inventaris\vendor\codeigniter4\framework\system\Database\MySQLi\Connection.php(185): mysqli->real_connect('localhost', 'root', '', 'inventory', 3306, '', 0)
#1 C:\wamp64\www\inventaris\vendor\codeigniter4\framework\system\Database\BaseConnection.php(392): CodeIgniter\Database\MySQLi\Connection->connect(false)
#2 C:\wamp64\www\inventaris\vendor\codeigniter4\framework\system\Database\BaseConnection.php(575): CodeIgniter\Database\BaseConnection->initialize()
#3 C:\wamp64\www\inventaris\vendor\codeigniter4\framework\system\Database\BaseBuilder.php(1616): CodeIgniter\Database\BaseConnection->query('SELECT *\nFROM `...', Array, false)
#4 C:\wamp64\www\inventaris\vendor\codeigniter4\framework\system\Model.php(271): CodeIgniter\Database\BaseBuilder->get()
#5 C:\wamp64\www\inventaris\vendor\codeigniter4\framework\system\BaseModel.php(679): CodeIgniter\Model->doFirst()
#6 C:\wamp64\www\inventaris\app\Controllers\Login.php(31): CodeIgniter\BaseModel->first()
#7 C:\wamp64\www\inventaris\vendor\codeigniter4\framework\system\CodeIgniter.php(943): App\Controllers\Login->authenticate()
#8 C:\wamp64\www\inventaris\vendor\codeigniter4\framework\system\CodeIgniter.php(503): CodeIgniter\CodeIgniter->runController(Object(App\Controllers\Login))
#9 C:\wamp64\www\inventaris\vendor\codeigniter4\framework\system\CodeIgniter.php(361): CodeIgniter\CodeIgniter->handleRequest(NULL, Object(Config\Cache), false)
#10 C:\wamp64\www\inventaris\public\index.php(79): CodeIgniter\CodeIgniter->run()
#11 C:\wamp64\www\inventaris\vendor\codeigniter4\framework\system\Commands\Server\rewrite.php(47): require_once('C:\\wamp64\\www\\i...')
#12 {main}

Next CodeIgniter\Database\Exceptions\DatabaseException: Unknown database 'inventory' in C:\wamp64\www\inventaris\vendor\codeigniter4\framework\system\Database\MySQLi\Connection.php:229
Stack trace:
#0 C:\wamp64\www\inventaris\vendor\codeigniter4\framework\system\Database\BaseConnection.php(392): CodeIgniter\Database\MySQLi\Connection->connect(false)
#1 C:\wamp64\www\inventaris\vendor\codeigniter4\framework\system\Database\BaseConnection.php(575): CodeIgniter\Database\BaseConnection->initialize()
#2 C:\wamp64\www\inventaris\vendor\codeigniter4\framework\system\Database\BaseBuilder.php(1616): CodeIgniter\Database\BaseConnection->query('SELECT *\nFROM `...', Array, false)
#3 C:\wamp64\www\inventaris\vendor\codeigniter4\framework\system\Model.php(271): CodeIgniter\Database\BaseBuilder->get()
#4 C:\wamp64\www\inventaris\vendor\codeigniter4\framework\system\BaseModel.php(679): CodeIgniter\Model->doFirst()
#5 C:\wamp64\www\inventaris\app\Controllers\Login.php(31): CodeIgniter\BaseModel->first()
#6 C:\wamp64\www\inventaris\vendor\codeigniter4\framework\system\CodeIgniter.php(943): App\Controllers\Login->authenticate()
#7 C:\wamp64\www\inventaris\vendor\codeigniter4\framework\system\CodeIgniter.php(503): CodeIgniter\CodeIgniter->runController(Object(App\Controllers\Login))
#8 C:\wamp64\www\inventaris\vendor\codeigniter4\framework\system\CodeIgniter.php(361): CodeIgniter\CodeIgniter->handleRequest(NULL, Object(Config\Cache), false)
#9 C:\wamp64\www\inventaris\public\index.php(79): CodeIgniter\CodeIgniter->run()
#10 C:\wamp64\www\inventaris\vendor\codeigniter4\framework\system\Commands\Server\rewrite.php(47): require_once('C:\\wamp64\\www\\i...')
#11 {main}
CRITICAL - 2024-07-22 08:26:03 --> CodeIgniter\Database\Exceptions\DatabaseException: Unable to connect to the database.
Main connection [MySQLi]: Unknown database 'inventory'
in SYSTEMPATH\Database\BaseConnection.php on line 428.
 1 SYSTEMPATH\Database\BaseConnection.php(575): CodeIgniter\Database\BaseConnection->initialize()
 2 SYSTEMPATH\Database\BaseBuilder.php(1616): CodeIgniter\Database\BaseConnection->query('SELECT *
FROM `users`
WHERE `username` = :username:
 LIMIT 1', [...], false)
 3 SYSTEMPATH\Model.php(271): CodeIgniter\Database\BaseBuilder->get()
 4 SYSTEMPATH\BaseModel.php(679): CodeIgniter\Model->doFirst()
 5 APPPATH\Controllers\Login.php(31): CodeIgniter\BaseModel->first()
 6 SYSTEMPATH\CodeIgniter.php(943): App\Controllers\Login->authenticate()
 7 SYSTEMPATH\CodeIgniter.php(503): CodeIgniter\CodeIgniter->runController(Object(App\Controllers\Login))
 8 SYSTEMPATH\CodeIgniter.php(361): CodeIgniter\CodeIgniter->handleRequest(null, Object(Config\Cache), false)
 9 FCPATH\index.php(79): CodeIgniter\CodeIgniter->run()
10 SYSTEMPATH\Commands\Server\rewrite.php(47): require_once('C:\\wamp64\\www\\inventaris\\public\\index.php')
INFO - 2024-07-22 08:27:46 --> Session: Class initialized using 'CodeIgniter\Session\Handlers\FileHandler' driver.
ERROR - 2024-07-22 08:27:46 --> Error connecting to the database: mysqli_sql_exception: Unknown database 'inventory' in C:\wamp64\www\inventaris\vendor\codeigniter4\framework\system\Database\MySQLi\Connection.php:185
Stack trace:
#0 C:\wamp64\www\inventaris\vendor\codeigniter4\framework\system\Database\MySQLi\Connection.php(185): mysqli->real_connect('localhost', 'root', '', 'inventory', 3306, '', 0)
#1 C:\wamp64\www\inventaris\vendor\codeigniter4\framework\system\Database\BaseConnection.php(392): CodeIgniter\Database\MySQLi\Connection->connect(false)
#2 C:\wamp64\www\inventaris\vendor\codeigniter4\framework\system\Database\BaseConnection.php(575): CodeIgniter\Database\BaseConnection->initialize()
#3 C:\wamp64\www\inventaris\vendor\codeigniter4\framework\system\Database\BaseBuilder.php(1616): CodeIgniter\Database\BaseConnection->query('SELECT *\nFROM `...', Array, false)
#4 C:\wamp64\www\inventaris\vendor\codeigniter4\framework\system\Model.php(271): CodeIgniter\Database\BaseBuilder->get()
#5 C:\wamp64\www\inventaris\vendor\codeigniter4\framework\system\BaseModel.php(679): CodeIgniter\Model->doFirst()
#6 C:\wamp64\www\inventaris\app\Controllers\Login.php(31): CodeIgniter\BaseModel->first()
#7 C:\wamp64\www\inventaris\vendor\codeigniter4\framework\system\CodeIgniter.php(943): App\Controllers\Login->authenticate()
#8 C:\wamp64\www\inventaris\vendor\codeigniter4\framework\system\CodeIgniter.php(503): CodeIgniter\CodeIgniter->runController(Object(App\Controllers\Login))
#9 C:\wamp64\www\inventaris\vendor\codeigniter4\framework\system\CodeIgniter.php(361): CodeIgniter\CodeIgniter->handleRequest(NULL, Object(Config\Cache), false)
#10 C:\wamp64\www\inventaris\public\index.php(79): CodeIgniter\CodeIgniter->run()
#11 C:\wamp64\www\inventaris\vendor\codeigniter4\framework\system\Commands\Server\rewrite.php(47): require_once('C:\\wamp64\\www\\i...')
#12 {main}

Next CodeIgniter\Database\Exceptions\DatabaseException: Unknown database 'inventory' in C:\wamp64\www\inventaris\vendor\codeigniter4\framework\system\Database\MySQLi\Connection.php:229
Stack trace:
#0 C:\wamp64\www\inventaris\vendor\codeigniter4\framework\system\Database\BaseConnection.php(392): CodeIgniter\Database\MySQLi\Connection->connect(false)
#1 C:\wamp64\www\inventaris\vendor\codeigniter4\framework\system\Database\BaseConnection.php(575): CodeIgniter\Database\BaseConnection->initialize()
#2 C:\wamp64\www\inventaris\vendor\codeigniter4\framework\system\Database\BaseBuilder.php(1616): CodeIgniter\Database\BaseConnection->query('SELECT *\nFROM `...', Array, false)
#3 C:\wamp64\www\inventaris\vendor\codeigniter4\framework\system\Model.php(271): CodeIgniter\Database\BaseBuilder->get()
#4 C:\wamp64\www\inventaris\vendor\codeigniter4\framework\system\BaseModel.php(679): CodeIgniter\Model->doFirst()
#5 C:\wamp64\www\inventaris\app\Controllers\Login.php(31): CodeIgniter\BaseModel->first()
#6 C:\wamp64\www\inventaris\vendor\codeigniter4\framework\system\CodeIgniter.php(943): App\Controllers\Login->authenticate()
#7 C:\wamp64\www\inventaris\vendor\codeigniter4\framework\system\CodeIgniter.php(503): CodeIgniter\CodeIgniter->runController(Object(App\Controllers\Login))
#8 C:\wamp64\www\inventaris\vendor\codeigniter4\framework\system\CodeIgniter.php(361): CodeIgniter\CodeIgniter->handleRequest(NULL, Object(Config\Cache), false)
#9 C:\wamp64\www\inventaris\public\index.php(79): CodeIgniter\CodeIgniter->run()
#10 C:\wamp64\www\inventaris\vendor\codeigniter4\framework\system\Commands\Server\rewrite.php(47): require_once('C:\\wamp64\\www\\i...')
#11 {main}
CRITICAL - 2024-07-22 08:27:46 --> CodeIgniter\Database\Exceptions\DatabaseException: Unable to connect to the database.
Main connection [MySQLi]: Unknown database 'inventory'
in SYSTEMPATH\Database\BaseConnection.php on line 428.
 1 SYSTEMPATH\Database\BaseConnection.php(575): CodeIgniter\Database\BaseConnection->initialize()
 2 SYSTEMPATH\Database\BaseBuilder.php(1616): CodeIgniter\Database\BaseConnection->query('SELECT *
FROM `users`
WHERE `username` = :username:
 LIMIT 1', [...], false)
 3 SYSTEMPATH\Model.php(271): CodeIgniter\Database\BaseBuilder->get()
 4 SYSTEMPATH\BaseModel.php(679): CodeIgniter\Model->doFirst()
 5 APPPATH\Controllers\Login.php(31): CodeIgniter\BaseModel->first()
 6 SYSTEMPATH\CodeIgniter.php(943): App\Controllers\Login->authenticate()
 7 SYSTEMPATH\CodeIgniter.php(503): CodeIgniter\CodeIgniter->runController(Object(App\Controllers\Login))
 8 SYSTEMPATH\CodeIgniter.php(361): CodeIgniter\CodeIgniter->handleRequest(null, Object(Config\Cache), false)
 9 FCPATH\index.php(79): CodeIgniter\CodeIgniter->run()
10 SYSTEMPATH\Commands\Server\rewrite.php(47): require_once('C:\\wamp64\\www\\inventaris\\public\\index.php')
INFO - 2024-07-22 08:28:59 --> Session: Class initialized using 'CodeIgniter\Session\Handlers\FileHandler' driver.
INFO - 2024-07-22 08:28:59 --> Session: Class initialized using 'CodeIgniter\Session\Handlers\FileHandler' driver.
INFO - 2024-07-22 08:29:07 --> Session: Class initialized using 'CodeIgniter\Session\Handlers\FileHandler' driver.
INFO - 2024-07-22 08:33:36 --> Session: Class initialized using 'CodeIgniter\Session\Handlers\FileHandler' driver.
INFO - 2024-07-22 08:39:41 --> Session: Class initialized using 'CodeIgniter\Session\Handlers\FileHandler' driver.
INFO - 2024-07-22 08:39:41 --> Session: Class initialized using 'CodeIgniter\Session\Handlers\FileHandler' driver.
INFO - 2024-07-22 08:39:43 --> Session: Class initialized using 'CodeIgniter\Session\Handlers\FileHandler' driver.
INFO - 2024-07-22 08:40:28 --> Session: Class initialized using 'CodeIgniter\Session\Handlers\FileHandler' driver.
INFO - 2024-07-22 08:40:28 --> Session: Class initialized using 'CodeIgniter\Session\Handlers\FileHandler' driver.
INFO - 2024-07-22 08:40:41 --> Session: Class initialized using 'CodeIgniter\Session\Handlers\FileHandler' driver.
CRITICAL - 2024-07-22 08:51:11 --> CodeIgniter\View\Exceptions\ViewException: Invalid file: "location/edit.php"
in SYSTEMPATH\Exceptions\FrameworkException.php on line 39.
 1 SYSTEMPATH\View\View.php(216): CodeIgniter\Exceptions\FrameworkException::forInvalidFile('location/edit.php')
 2 SYSTEMPATH\Common.php(1178): CodeIgniter\View\View->render('location/edit', [], true)
 3 APPPATH\Controllers\Location.php(58): view('location/edit', [...])
 4 SYSTEMPATH\CodeIgniter.php(943): App\Controllers\Location->edit('7')
 5 SYSTEMPATH\CodeIgniter.php(503): CodeIgniter\CodeIgniter->runController(Object(App\Controllers\Location))
 6 SYSTEMPATH\CodeIgniter.php(361): CodeIgniter\CodeIgniter->handleRequest(null, Object(Config\Cache), false)
 7 FCPATH\index.php(79): CodeIgniter\CodeIgniter->run()
 8 SYSTEMPATH\Commands\Server\rewrite.php(47): require_once('C:\\wamp64\\www\\inventaris\\public\\index.php')
INFO - 2024-07-22 08:51:45 --> Session: Class initialized using 'CodeIgniter\Session\Handlers\FileHandler' driver.
INFO - 2024-07-22 08:52:08 --> Session: Class initialized using 'CodeIgniter\Session\Handlers\FileHandler' driver.
INFO - 2024-07-22 08:52:37 --> Session: Class initialized using 'CodeIgniter\Session\Handlers\FileHandler' driver.
INFO - 2024-07-22 08:52:43 --> Session: Class initialized using 'CodeIgniter\Session\Handlers\FileHandler' driver.
INFO - 2024-07-22 08:54:06 --> Session: Class initialized using 'CodeIgniter\Session\Handlers\FileHandler' driver.
INFO - 2024-07-22 08:54:15 --> Session: Class initialized using 'CodeIgniter\Session\Handlers\FileHandler' driver.
INFO - 2024-07-22 08:54:15 --> Session: Class initialized using 'CodeIgniter\Session\Handlers\FileHandler' driver.
CRITICAL - 2024-07-22 08:54:24 --> CodeIgniter\View\Exceptions\ViewException: Invalid file: "location/edit.php"
in SYSTEMPATH\Exceptions\FrameworkException.php on line 39.
 1 SYSTEMPATH\View\View.php(216): CodeIgniter\Exceptions\FrameworkException::forInvalidFile('location/edit.php')
 2 SYSTEMPATH\Common.php(1178): CodeIgniter\View\View->render('location/edit', [], true)
 3 APPPATH\Controllers\Location.php(58): view('location/edit', [...])
 4 SYSTEMPATH\CodeIgniter.php(943): App\Controllers\Location->edit('8')
 5 SYSTEMPATH\CodeIgniter.php(503): CodeIgniter\CodeIgniter->runController(Object(App\Controllers\Location))
 6 SYSTEMPATH\CodeIgniter.php(361): CodeIgniter\CodeIgniter->handleRequest(null, Object(Config\Cache), false)
 7 FCPATH\index.php(79): CodeIgniter\CodeIgniter->run()
 8 SYSTEMPATH\Commands\Server\rewrite.php(47): require_once('C:\\wamp64\\www\\inventaris\\public\\index.php')
INFO - 2024-07-22 08:59:05 --> Session: Class initialized using 'CodeIgniter\Session\Handlers\FileHandler' driver.
INFO - 2024-07-22 08:59:13 --> Session: Class initialized using 'CodeIgniter\Session\Handlers\FileHandler' driver.
INFO - 2024-07-22 08:59:18 --> Session: Class initialized using 'CodeIgniter\Session\Handlers\FileHandler' driver.
